::1 - - [14/Sep/2017:13:21:22 -0500] "GET / -> / HTTP/1.1" 200 66
::1 - - [14/Sep/2017:13:22:48 -0500] "GET / -> / HTTP/1.1" 500 23
::1 - - [14/Sep/2017:13:22:49 -0500] "GET / -> / HTTP/1.1" 500 23
::1 - - [14/Sep/2017:13:23:09 -0500] "GET / -> / HTTP/1.1" 500 23
::1 - - [14/Sep/2017:13:23:09 -0500] "GET / -> / HTTP/1.1" 500 23
::1 - - [14/Sep/2017:13:23:10 -0500] "GET / -> / HTTP/1.1" 500 23
::1 - - [14/Sep/2017:13:23:24 -0500] "GET / -> / HTTP/1.1" 200 26
::1 - - [14/Sep/2017:13:23:26 -0500] "GET / -> / HTTP/1.1" 200 26
::1 - - [14/Sep/2017:13:23:38 -0500] "GET / -> / HTTP/1.1" 200 26
::1 - - [14/Sep/2017:13:23:39 -0500] "GET / -> / HTTP/1.1" 200 26
::1 - - [14/Sep/2017:13:23:39 -0500] "GET / -> / HTTP/1.1" 200 26
::1 - - [14/Sep/2017:13:23:47 -0500] "GET / -> / HTTP/1.1" 200 70
::1 - - [14/Sep/2017:13:26:46 -0500] "GET / -> / HTTP/1.1" 200 111618
::1 - - [14/Sep/2017:13:26:50 -0500] "GET / -> / HTTP/1.1" 200 111618
::1 - - [14/Sep/2017:13:26:51 -0500] "GET / -> / HTTP/1.1" 200 111618
::1 - - [14/Sep/2017:13:27:09 -0500] "GET / -> / HTTP/1.1" 200 111618
::1 - - [14/Sep/2017:13:28:00 -0500] "GET / -> / HTTP/1.1" 200 111618
127.0.0.1 - - [14/Sep/2017:13:28:22 -0500] "GET / -> / HTTP/1.1" 200 111618
::1 - - [14/Sep/2017:13:29:12 -0500] "GET / -> / HTTP/1.1" 200 111618
::1 - - [14/Sep/2017:13:31:02 -0500] "GET / -> / HTTP/1.1" 500 23
::1 - - [14/Sep/2017:13:31:17 -0500] "GET / -> / HTTP/1.1" 500 23
::1 - - [14/Sep/2017:13:31:31 -0500] "GET / -> / HTTP/1.1" 500 23
::1 - - [14/Sep/2017:13:31:32 -0500] "GET / -> / HTTP/1.1" 500 23
::1 - - [14/Sep/2017:13:31:36 -0500] "GET / -> / HTTP/1.1" 500 23
::1 - - [14/Sep/2017:13:32:10 -0500] "GET / -> / HTTP/1.1" 500 23
::1 - - [14/Sep/2017:13:32:11 -0500] "GET / -> / HTTP/1.1" 500 23
::1 - - [14/Sep/2017:13:32:18 -0500] "GET / -> / HTTP/1.1" 500 23
::1 - - [14/Sep/2017:13:32:19 -0500] "GET / -> / HTTP/1.1" 500 23
::1 - - [14/Sep/2017:13:32:19 -0500] "GET / -> / HTTP/1.1" 500 23
::1 - - [14/Sep/2017:13:32:32 -0500] "GET / -> / HTTP/1.1" 200 29
::1 - - [14/Sep/2017:13:32:46 -0500] "GET / -> / HTTP/1.1" 200 29
::1 - - [14/Sep/2017:13:32:47 -0500] "GET / -> / HTTP/1.1" 200 29
::1 - - [14/Sep/2017:13:32:57 -0500] "GET / -> / HTTP/1.1" 200 26
::1 - - [14/Sep/2017:13:32:57 -0500] "GET / -> / HTTP/1.1" 200 26
::1 - - [14/Sep/2017:13:33:06 -0500] "GET / -> / HTTP/1.1" 200 26
::1 - - [14/Sep/2017:13:33:07 -0500] "GET / -> / HTTP/1.1" 200 26
::1 - - [14/Sep/2017:13:33:33 -0500] "GET / -> / HTTP/1.1" 200 27
::1 - - [14/Sep/2017:13:33:43 -0500] "GET / -> / HTTP/1.1" 200 26
::1 - - [14/Sep/2017:13:34:49 -0500] "GET / -> / HTTP/1.1" 200 27
::1 - - [14/Sep/2017:13:35:04 -0500] "GET / -> / HTTP/1.1" 500 23
::1 - - [14/Sep/2017:13:35:09 -0500] "GET / -> / HTTP/1.1" 500 23
::1 - - [14/Sep/2017:13:35:10 -0500] "GET / -> / HTTP/1.1" 500 23
::1 - - [14/Sep/2017:13:43:51 -0500] "GET / -> / HTTP/1.1" 500 23
::1 - - [14/Sep/2017:13:43:52 -0500] "GET / -> / HTTP/1.1" 500 23
::1 - - [14/Sep/2017:14:01:11 -0500] "GET / -> / HTTP/1.1" 200 766
::1 - - [14/Sep/2017:14:05:49 -0500] "GET / -> / HTTP/1.1" 500 23
::1 - - [14/Sep/2017:14:41:09 -0500] "GET / -> / HTTP/1.1" 500 23
::1 - - [14/Sep/2017:14:41:09 -0500] "GET / -> / HTTP/1.1" 500 23
::1 - - [14/Sep/2017:14:41:56 -0500] "GET / -> / HTTP/1.1" 500 23
::1 - - [14/Sep/2017:14:41:57 -0500] "GET / -> / HTTP/1.1" 500 23
::1 - - [14/Sep/2017:14:42:13 -0500] "GET / -> / HTTP/1.1" 500 23
::1 - - [14/Sep/2017:14:42:14 -0500] "GET / -> / HTTP/1.1" 500 23
::1 - - [14/Sep/2017:14:42:14 -0500] "GET / -> / HTTP/1.1" 500 23
::1 - - [14/Sep/2017:14:42:21 -0500] "GET / -> / HTTP/1.1" 200 23
::1 - - [14/Sep/2017:14:42:34 -0500] "GET / -> / HTTP/1.1" 200 23
::1 - - [14/Sep/2017:14:43:46 -0500] "GET / -> / HTTP/1.1" 200 28
::1 - - [14/Sep/2017:14:43:56 -0500] "GET / -> / HTTP/1.1" 500 28
::1 - - [14/Sep/2017:14:43:57 -0500] "GET / -> / HTTP/1.1" 500 28
::1 - - [14/Sep/2017:14:43:57 -0500] "GET / -> / HTTP/1.1" 500 28
::1 - - [14/Sep/2017:14:44:43 -0500] "GET / -> / HTTP/1.1" 500 28
::1 - - [14/Sep/2017:14:44:43 -0500] "GET / -> / HTTP/1.1" 500 28
::1 - - [14/Sep/2017:14:44:52 -0500] "GET / -> / HTTP/1.1" 500 28
::1 - - [14/Sep/2017:14:44:53 -0500] "GET / -> / HTTP/1.1" 500 28
::1 - - [14/Sep/2017:14:44:54 -0500] "GET / -> / HTTP/1.1" 500 28
::1 - - [14/Sep/2017:14:45:03 -0500] "GET / -> / HTTP/1.1" 500 28
::1 - - [14/Sep/2017:14:45:03 -0500] "GET / -> / HTTP/1.1" 500 28
::1 - - [14/Sep/2017:14:45:39 -0500] "GET / -> / HTTP/1.1" 500 29
::1 - - [14/Sep/2017:14:45:55 -0500] "GET / -> / HTTP/1.1" 500 30
::1 - - [14/Sep/2017:14:45:55 -0500] "GET / -> / HTTP/1.1" 500 30
::1 - - [14/Sep/2017:14:46:05 -0500] "GET / -> / HTTP/1.1" 500 30
::1 - - [14/Sep/2017:14:46:05 -0500] "GET / -> / HTTP/1.1" 500 30
::1 - - [14/Sep/2017:14:46:13 -0500] "GET / -> / HTTP/1.1" 500 30
::1 - - [14/Sep/2017:14:46:24 -0500] "GET / -> / HTTP/1.1" 500 31
::1 - - [14/Sep/2017:14:46:42 -0500] "GET / -> / HTTP/1.1" 500 30
::1 - - [14/Sep/2017:14:46:43 -0500] "GET / -> / HTTP/1.1" 500 30
::1 - - [14/Sep/2017:14:46:50 -0500] "GET / -> / HTTP/1.1" 500 30
::1 - - [14/Sep/2017:14:46:50 -0500] "GET / -> / HTTP/1.1" 500 30
::1 - - [14/Sep/2017:14:46:51 -0500] "GET / -> / HTTP/1.1" 500 30
::1 - - [14/Sep/2017:14:54:11 -0500] "GET / -> / HTTP/1.1" 500 30
::1 - - [14/Sep/2017:14:54:36 -0500] "GET / -> / HTTP/1.1" 500 30
::1 - - [14/Sep/2017:14:54:37 -0500] "GET / -> / HTTP/1.1" 500 30
::1 - - [14/Sep/2017:14:55:19 -0500] "GET / -> / HTTP/1.1" 500 31
::1 - - [14/Sep/2017:14:56:56 -0500] "GET / -> / HTTP/1.1" 500 30
::1 - - [14/Sep/2017:14:57:26 -0500] "GET / -> / HTTP/1.1" 500 30
::1 - - [14/Sep/2017:14:57:26 -0500] "GET / -> / HTTP/1.1" 500 30
::1 - - [14/Sep/2017:14:57:45 -0500] "GET / -> / HTTP/1.1" 500 30
::1 - - [14/Sep/2017:14:57:46 -0500] "GET / -> / HTTP/1.1" 500 30
::1 - - [14/Sep/2017:14:57:47 -0500] "GET / -> / HTTP/1.1" 500 30
::1 - - [14/Sep/2017:14:57:47 -0500] "GET / -> / HTTP/1.1" 500 30
::1 - - [14/Sep/2017:14:57:55 -0500] "GET / -> / HTTP/1.1" 500 30
::1 - - [14/Sep/2017:14:57:55 -0500] "GET / -> / HTTP/1.1" 500 30
::1 - - [14/Sep/2017:14:59:14 -0500] "GET / -> / HTTP/1.1" 500 30
::1 - - [14/Sep/2017:14:59:28 -0500] "GET / -> / HTTP/1.1" 500 30
::1 - - [14/Sep/2017:15:00:11 -0500] "GET / -> / HTTP/1.1" 500 30
::1 - - [14/Sep/2017:15:00:11 -0500] "GET / -> / HTTP/1.1" 500 30
::1 - - [14/Sep/2017:15:01:54 -0500] "GET / -> / HTTP/1.1" 500 30
::1 - - [14/Sep/2017:15:01:54 -0500] "GET / -> / HTTP/1.1" 500 30
::1 - - [14/Sep/2017:15:01:54 -0500] "GET / -> / HTTP/1.1" 500 30
::1 - - [14/Sep/2017:15:03:39 -0500] "GET / -> / HTTP/1.1" 500 30
::1 - - [14/Sep/2017:15:03:41 -0500] "GET / -> / HTTP/1.1" 500 30
::1 - - [14/Sep/2017:15:03:48 -0500] "GET / -> / HTTP/1.1" 500 33
::1 - - [14/Sep/2017:15:04:03 -0500] "GET / -> / HTTP/1.1" 500 33
::1 - - [14/Sep/2017:15:04:04 -0500] "GET / -> / HTTP/1.1" 500 33
::1 - - [14/Sep/2017:15:04:49 -0500] "GET / -> / HTTP/1.1" 500 30
::1 - - [14/Sep/2017:15:04:49 -0500] "GET / -> / HTTP/1.1" 500 30
::1 - - [14/Sep/2017:15:06:59 -0500] "GET / -> / HTTP/1.1" 500 30
::1 - - [14/Sep/2017:15:06:59 -0500] "GET / -> / HTTP/1.1" 500 30
::1 - - [14/Sep/2017:15:06:59 -0500] "GET / -> / HTTP/1.1" 500 30
::1 - - [14/Sep/2017:15:07:00 -0500] "GET / -> / HTTP/1.1" 500 30
::1 - - [14/Sep/2017:15:07:00 -0500] "GET / -> / HTTP/1.1" 500 30
::1 - - [14/Sep/2017:15:07:00 -0500] "GET / -> / HTTP/1.1" 500 30
::1 - - [14/Sep/2017:15:08:48 -0500] "GET / -> / HTTP/1.1" 500 23
::1 - - [14/Sep/2017:15:08:49 -0500] "GET / -> / HTTP/1.1" 500 23
::1 - - [14/Sep/2017:15:09:16 -0500] "GET / -> / HTTP/1.1" 500 34
::1 - - [14/Sep/2017:15:09:17 -0500] "GET / -> / HTTP/1.1" 500 34
::1 - - [14/Sep/2017:15:11:52 -0500] "GET / -> / HTTP/1.1" 500 23
::1 - - [14/Sep/2017:15:11:53 -0500] "GET / -> / HTTP/1.1" 500 23
::1 - - [14/Sep/2017:15:12:08 -0500] "GET / -> / HTTP/1.1" 500 78
::1 - - [14/Sep/2017:15:13:42 -0500] "GET / -> / HTTP/1.1" 500 70
::1 - - [14/Sep/2017:15:13:43 -0500] "GET / -> / HTTP/1.1" 500 70
::1 - - [14/Sep/2017:15:14:09 -0500] "GET / -> / HTTP/1.1" 200 150
::1 - - [14/Sep/2017:15:14:19 -0500] "GET / -> / HTTP/1.1" 200 30
::1 - - [14/Sep/2017:15:15:15 -0500] "GET / -> / HTTP/1.1" 200 28
::1 - - [14/Sep/2017:15:15:15 -0500] "GET / -> / HTTP/1.1" 200 28
::1 - - [14/Sep/2017:15:15:27 -0500] "GET / -> / HTTP/1.1" 200 32
::1 - - [14/Sep/2017:15:15:36 -0500] "GET / -> / HTTP/1.1" 500 23
::1 - - [14/Sep/2017:15:15:37 -0500] "GET / -> / HTTP/1.1" 500 23
::1 - - [14/Sep/2017:15:18:29 -0500] "GET / -> / HTTP/1.1" 500 23
::1 - - [14/Sep/2017:15:19:01 -0500] "GET / -> / HTTP/1.1" 500 23
::1 - - [14/Sep/2017:15:19:02 -0500] "GET / -> / HTTP/1.1" 500 23
::1 - - [14/Sep/2017:15:19:27 -0500] "GET / -> / HTTP/1.1" 500 23
::1 - - [14/Sep/2017:15:19:28 -0500] "GET / -> / HTTP/1.1" 500 23
::1 - - [14/Sep/2017:15:19:28 -0500] "GET / -> / HTTP/1.1" 500 23
::1 - - [14/Sep/2017:15:19:59 -0500] "GET / -> / HTTP/1.1" 500 23
::1 - - [14/Sep/2017:15:20:18 -0500] "GET / -> / HTTP/1.1" 500 27
::1 - - [14/Sep/2017:15:20:19 -0500] "GET / -> / HTTP/1.1" 500 27
::1 - - [14/Sep/2017:15:20:26 -0500] "GET / -> / HTTP/1.1" 200 27
::1 - - [14/Sep/2017:15:20:26 -0500] "GET / -> / HTTP/1.1" 200 27
::1 - - [14/Sep/2017:15:20:38 -0500] "GET / -> / HTTP/1.1" 200 145
::1 - - [14/Sep/2017:15:21:38 -0500] "GET / -> / HTTP/1.1" 200 145
::1 - - [14/Sep/2017:15:21:39 -0500] "GET / -> / HTTP/1.1" 200 145
::1 - - [14/Sep/2017:15:22:39 -0500] "GET / -> / HTTP/1.1" 500 69
::1 - - [14/Sep/2017:15:22:41 -0500] "GET / -> / HTTP/1.1" 500 69
::1 - - [14/Sep/2017:15:23:00 -0500] "GET / -> / HTTP/1.1" 200 147
::1 - - [14/Sep/2017:15:23:13 -0500] "GET / -> / HTTP/1.1" 500 164
::1 - - [14/Sep/2017:15:24:03 -0500] "GET / -> / HTTP/1.1" 500 164
::1 - - [14/Sep/2017:15:24:03 -0500] "GET / -> / HTTP/1.1" 500 164
::1 - - [14/Sep/2017:15:24:04 -0500] "GET / -> / HTTP/1.1" 500 164
::1 - - [14/Sep/2017:15:24:04 -0500] "GET / -> / HTTP/1.1" 500 164
::1 - - [14/Sep/2017:15:25:04 -0500] "GET / -> / HTTP/1.1" 500 166
::1 - - [14/Sep/2017:15:25:18 -0500] "GET / -> / HTTP/1.1" 500 166
::1 - - [14/Sep/2017:15:25:18 -0500] "GET / -> / HTTP/1.1" 500 166
::1 - - [14/Sep/2017:15:25:24 -0500] "GET / -> / HTTP/1.1" 500 166
::1 - - [14/Sep/2017:15:25:29 -0500] "GET / -> / HTTP/1.1" 500 164
::1 - - [14/Sep/2017:15:25:41 -0500] "GET / -> / HTTP/1.1" 500 166
::1 - - [14/Sep/2017:15:25:52 -0500] "GET / -> / HTTP/1.1" 500 166
::1 - - [14/Sep/2017:15:26:14 -0500] "GET / -> / HTTP/1.1" 500 164
::1 - - [14/Sep/2017:15:26:15 -0500] "GET / -> / HTTP/1.1" 500 164
::1 - - [14/Sep/2017:15:26:19 -0500] "GET / -> / HTTP/1.1" 500 166
::1 - - [14/Sep/2017:15:26:24 -0500] "GET / -> / HTTP/1.1" 500 164
::1 - - [14/Sep/2017:15:26:25 -0500] "GET / -> / HTTP/1.1" 500 164
::1 - - [14/Sep/2017:15:26:34 -0500] "GET / -> / HTTP/1.1" 500 164
::1 - - [14/Sep/2017:15:26:40 -0500] "GET / -> / HTTP/1.1" 500 166
::1 - - [14/Sep/2017:15:27:00 -0500] "GET / -> / HTTP/1.1" 500 169
::1 - - [14/Sep/2017:15:27:00 -0500] "GET / -> / HTTP/1.1" 500 169
::1 - - [14/Sep/2017:15:27:12 -0500] "GET / -> / HTTP/1.1" 500 166
::1 - - [14/Sep/2017:15:27:13 -0500] "GET / -> / HTTP/1.1" 500 166
::1 - - [14/Sep/2017:15:27:34 -0500] "GET / -> / HTTP/1.1" 500 189
::1 - - [14/Sep/2017:15:27:44 -0500] "GET / -> / HTTP/1.1" 500 190
::1 - - [14/Sep/2017:15:28:09 -0500] "GET / -> / HTTP/1.1" 500 199
::1 - - [14/Sep/2017:15:28:10 -0500] "GET / -> / HTTP/1.1" 500 199
::1 - - [14/Sep/2017:15:28:11 -0500] "GET / -> / HTTP/1.1" 500 199
::1 - - [14/Sep/2017:16:16:22 -0500] "GET / -> / HTTP/1.1" 500 166
::1 - - [14/Sep/2017:16:16:23 -0500] "GET / -> / HTTP/1.1" 500 166
::1 - - [14/Sep/2017:16:16:37 -0500] "GET / -> / HTTP/1.1" 500 164
::1 - - [14/Sep/2017:16:16:37 -0500] "GET / -> / HTTP/1.1" 500 164
::1 - - [14/Sep/2017:16:17:07 -0500] "GET / -> / HTTP/1.1" 500 165
::1 - - [14/Sep/2017:16:17:18 -0500] "GET / -> / HTTP/1.1" 500 168
::1 - - [14/Sep/2017:16:17:32 -0500] "GET / -> / HTTP/1.1" 500 164
::1 - - [14/Sep/2017:16:17:33 -0500] "GET / -> / HTTP/1.1" 500 164
::1 - - [14/Sep/2017:16:17:33 -0500] "GET / -> / HTTP/1.1" 500 164
::1 - - [14/Sep/2017:16:17:51 -0500] "GET / -> / HTTP/1.1" 500 164
::1 - - [14/Sep/2017:16:17:51 -0500] "GET / -> / HTTP/1.1" 500 164
::1 - - [14/Sep/2017:16:17:52 -0500] "GET / -> / HTTP/1.1" 500 164
::1 - - [14/Sep/2017:16:18:04 -0500] "GET / -> / HTTP/1.1" 500 165
::1 - - [14/Sep/2017:16:19:15 -0500] "GET / -> / HTTP/1.1" 500 172
::1 - - [14/Sep/2017:16:19:36 -0500] "GET / -> / HTTP/1.1" 500 166
::1 - - [14/Sep/2017:16:19:52 -0500] "GET / -> / HTTP/1.1" 500 166
::1 - - [14/Sep/2017:16:19:53 -0500] "GET / -> / HTTP/1.1" 500 166
::1 - - [14/Sep/2017:16:19:53 -0500] "GET / -> / HTTP/1.1" 500 166
::1 - - [14/Sep/2017:16:20:03 -0500] "GET / -> / HTTP/1.1" 500 169
::1 - - [14/Sep/2017:16:20:24 -0500] "GET / -> / HTTP/1.1" 500 169
::1 - - [14/Sep/2017:16:20:33 -0500] "GET / -> / HTTP/1.1" 500 169
::1 - - [14/Sep/2017:16:20:34 -0500] "GET / -> / HTTP/1.1" 500 169
::1 - - [14/Sep/2017:16:20:34 -0500] "GET / -> / HTTP/1.1" 500 169
::1 - - [14/Sep/2017:16:21:09 -0500] "GET / -> / HTTP/1.1" 500 169
::1 - - [14/Sep/2017:16:21:10 -0500] "GET / -> / HTTP/1.1" 500 169
::1 - - [14/Sep/2017:16:21:10 -0500] "GET / -> / HTTP/1.1" 500 169
::1 - - [14/Sep/2017:16:21:11 -0500] "GET / -> / HTTP/1.1" 500 169
::1 - - [14/Sep/2017:16:21:11 -0500] "GET / -> / HTTP/1.1" 500 169
::1 - - [14/Sep/2017:16:21:43 -0500] "GET / -> / HTTP/1.1" 500 169
::1 - - [14/Sep/2017:16:22:14 -0500] "GET / -> / HTTP/1.1" 500 162
::1 - - [14/Sep/2017:16:22:27 -0500] "GET / -> / HTTP/1.1" 500 456
::1 - - [14/Sep/2017:16:23:08 -0500] "GET / -> / HTTP/1.1" 500 167
::1 - - [14/Sep/2017:16:23:38 -0500] "GET / -> / HTTP/1.1" 500 161
::1 - - [14/Sep/2017:16:23:38 -0500] "GET / -> / HTTP/1.1" 500 161
::1 - - [14/Sep/2017:16:23:39 -0500] "GET / -> / HTTP/1.1" 500 161
::1 - - [14/Sep/2017:16:24:06 -0500] "GET / -> / HTTP/1.1" 500 161
::1 - - [14/Sep/2017:16:24:08 -0500] "GET / -> / HTTP/1.1" 500 161
::1 - - [14/Sep/2017:16:24:08 -0500] "GET / -> / HTTP/1.1" 500 161
::1 - - [14/Sep/2017:16:28:32 -0500] "GET / -> / HTTP/1.1" 500 148
::1 - - [14/Sep/2017:16:28:33 -0500] "GET / -> / HTTP/1.1" 500 148
::1 - - [14/Sep/2017:16:29:01 -0500] "GET / -> / HTTP/1.1" 500 148
::1 - - [14/Sep/2017:16:29:02 -0500] "GET / -> / HTTP/1.1" 500 148
::1 - - [14/Sep/2017:16:29:03 -0500] "GET / -> / HTTP/1.1" 500 148
::1 - - [14/Sep/2017:16:29:12 -0500] "GET / -> / HTTP/1.1" 500 148
::1 - - [14/Sep/2017:16:29:13 -0500] "GET / -> / HTTP/1.1" 500 148
::1 - - [14/Sep/2017:16:29:20 -0500] "GET / -> / HTTP/1.1" 500 148
::1 - - [14/Sep/2017:16:29:21 -0500] "GET / -> / HTTP/1.1" 500 148
::1 - - [14/Sep/2017:16:29:21 -0500] "GET / -> / HTTP/1.1" 500 148
::1 - - [14/Sep/2017:16:29:21 -0500] "GET / -> / HTTP/1.1" 500 148
::1 - - [14/Sep/2017:16:29:32 -0500] "GET / -> / HTTP/1.1" 500 151
::1 - - [14/Sep/2017:16:30:25 -0500] "GET / -> / HTTP/1.1" 500 145
::1 - - [14/Sep/2017:16:30:26 -0500] "GET / -> / HTTP/1.1" 500 145
::1 - - [14/Sep/2017:16:30:38 -0500] "GET / -> / HTTP/1.1" 500 149
::1 - - [14/Sep/2017:16:30:39 -0500] "GET / -> / HTTP/1.1" 500 149
::1 - - [14/Sep/2017:16:30:39 -0500] "GET / -> / HTTP/1.1" 500 149
::1 - - [14/Sep/2017:16:30:39 -0500] "GET / -> / HTTP/1.1" 500 149
::1 - - [14/Sep/2017:16:30:39 -0500] "GET / -> / HTTP/1.1" 500 149
::1 - - [14/Sep/2017:16:30:50 -0500] "GET / -> / HTTP/1.1" 500 149
::1 - - [14/Sep/2017:16:30:53 -0500] "GET / -> / HTTP/1.1" 500 149
::1 - - [14/Sep/2017:16:30:58 -0500] "GET / -> / HTTP/1.1" 500 150
::1 - - [14/Sep/2017:16:30:59 -0500] "GET / -> / HTTP/1.1" 500 150
::1 - - [14/Sep/2017:16:31:08 -0500] "GET / -> / HTTP/1.1" 500 157
::1 - - [14/Sep/2017:16:31:25 -0500] "GET / -> / HTTP/1.1" 500 160
::1 - - [14/Sep/2017:16:31:52 -0500] "GET / -> / HTTP/1.1" 500 160
::1 - - [14/Sep/2017:16:32:33 -0500] "GET / -> / HTTP/1.1" 500 160
::1 - - [14/Sep/2017:16:32:34 -0500] "GET / -> / HTTP/1.1" 500 160
::1 - - [14/Sep/2017:16:32:34 -0500] "GET / -> / HTTP/1.1" 500 160
::1 - - [14/Sep/2017:16:32:34 -0500] "GET / -> / HTTP/1.1" 500 160
::1 - - [14/Sep/2017:16:32:59 -0500] "GET / -> / HTTP/1.1" 500 163
::1 - - [14/Sep/2017:16:33:00 -0500] "GET / -> / HTTP/1.1" 500 163
::1 - - [14/Sep/2017:16:33:28 -0500] "GET / -> / HTTP/1.1" 500 163
::1 - - [14/Sep/2017:16:33:30 -0500] "GET / -> / HTTP/1.1" 500 163
::1 - - [14/Sep/2017:16:33:30 -0500] "GET / -> / HTTP/1.1" 500 163
::1 - - [14/Sep/2017:16:33:30 -0500] "GET / -> / HTTP/1.1" 500 163
::1 - - [14/Sep/2017:16:33:46 -0500] "GET / -> / HTTP/1.1" 500 163
::1 - - [14/Sep/2017:16:34:01 -0500] "GET / -> / HTTP/1.1" 500 163
::1 - - [14/Sep/2017:16:34:02 -0500] "GET / -> / HTTP/1.1" 500 163
::1 - - [14/Sep/2017:16:34:26 -0500] "GET / -> / HTTP/1.1" 500 163
::1 - - [14/Sep/2017:16:35:06 -0500] "GET / -> / HTTP/1.1" 500 163
::1 - - [14/Sep/2017:16:35:07 -0500] "GET / -> / HTTP/1.1" 500 163
::1 - - [14/Sep/2017:16:35:07 -0500] "GET / -> / HTTP/1.1" 500 163
::1 - - [14/Sep/2017:16:35:08 -0500] "GET / -> / HTTP/1.1" 500 163
::1 - - [14/Sep/2017:16:35:08 -0500] "GET / -> / HTTP/1.1" 500 163
::1 - - [14/Sep/2017:16:35:08 -0500] "GET / -> / HTTP/1.1" 500 163
::1 - - [14/Sep/2017:16:35:08 -0500] "GET / -> / HTTP/1.1" 500 163
::1 - - [14/Sep/2017:16:35:09 -0500] "GET / -> / HTTP/1.1" 500 163
::1 - - [14/Sep/2017:16:35:09 -0500] "GET / -> / HTTP/1.1" 500 163
::1 - - [14/Sep/2017:16:35:20 -0500] "GET / -> / HTTP/1.1" 500 165
::1 - - [14/Sep/2017:16:35:31 -0500] "GET / -> / HTTP/1.1" 500 163
::1 - - [14/Sep/2017:16:35:31 -0500] "GET / -> / HTTP/1.1" 500 163
::1 - - [14/Sep/2017:16:35:32 -0500] "GET / -> / HTTP/1.1" 500 163
::1 - - [14/Sep/2017:16:35:48 -0500] "GET / -> / HTTP/1.1" 500 163
::1 - - [14/Sep/2017:16:35:48 -0500] "GET / -> / HTTP/1.1" 500 163
::1 - - [14/Sep/2017:16:36:18 -0500] "GET / -> / HTTP/1.1" 500 169
::1 - - [14/Sep/2017:16:36:28 -0500] "GET / -> / HTTP/1.1" 500 165
::1 - - [14/Sep/2017:16:36:47 -0500] "GET / -> / HTTP/1.1" 500 165
::1 - - [14/Sep/2017:16:36:47 -0500] "GET / -> / HTTP/1.1" 500 165
::1 - - [14/Sep/2017:16:37:05 -0500] "GET / -> / HTTP/1.1" 500 166
::1 - - [14/Sep/2017:16:37:22 -0500] "GET / -> / HTTP/1.1" 500 166
::1 - - [14/Sep/2017:16:37:23 -0500] "GET / -> / HTTP/1.1" 500 166
::1 - - [14/Sep/2017:16:37:23 -0500] "GET / -> / HTTP/1.1" 500 166
::1 - - [14/Sep/2017:16:37:40 -0500] "GET / -> / HTTP/1.1" 500 166
::1 - - [14/Sep/2017:16:37:40 -0500] "GET / -> / HTTP/1.1" 500 166
::1 - - [14/Sep/2017:16:37:54 -0500] "GET / -> / HTTP/1.1" 500 169
::1 - - [14/Sep/2017:16:37:56 -0500] "GET / -> / HTTP/1.1" 500 169
::1 - - [14/Sep/2017:16:38:05 -0500] "GET / -> / HTTP/1.1" 500 169
::1 - - [14/Sep/2017:16:38:31 -0500] "GET / -> / HTTP/1.1" 500 173
::1 - - [14/Sep/2017:16:38:52 -0500] "GET / -> / HTTP/1.1" 500 180
::1 - - [14/Sep/2017:16:39:08 -0500] "GET / -> / HTTP/1.1" 500 192
::1 - - [14/Sep/2017:16:39:31 -0500] "GET / -> / HTTP/1.1" 500 173
::1 - - [14/Sep/2017:16:40:02 -0500] "GET / -> / HTTP/1.1" 500 171
::1 - - [14/Sep/2017:16:40:13 -0500] "GET / -> / HTTP/1.1" 500 171
::1 - - [14/Sep/2017:16:40:14 -0500] "GET / -> / HTTP/1.1" 500 171
::1 - - [14/Sep/2017:16:40:34 -0500] "GET / -> / HTTP/1.1" 500 171
::1 - - [14/Sep/2017:16:40:35 -0500] "GET / -> / HTTP/1.1" 500 171
::1 - - [14/Sep/2017:16:40:35 -0500] "GET / -> / HTTP/1.1" 500 171
::1 - - [14/Sep/2017:16:40:35 -0500] "GET / -> / HTTP/1.1" 500 171
::1 - - [14/Sep/2017:16:40:36 -0500] "GET / -> / HTTP/1.1" 500 171
::1 - - [14/Sep/2017:16:40:44 -0500] "GET / -> / HTTP/1.1" 500 172
::1 - - [14/Sep/2017:16:41:36 -0500] "GET / -> / HTTP/1.1" 500 175
::1 - - [14/Sep/2017:16:43:05 -0500] "GET / -> / HTTP/1.1" 500 166
::1 - - [14/Sep/2017:16:43:06 -0500] "GET / -> / HTTP/1.1" 500 166
::1 - - [14/Sep/2017:16:49:22 -0500] "GET / -> / HTTP/1.1" 500 167
::1 - - [14/Sep/2017:16:52:19 -0500] "GET / -> / HTTP/1.1" 500 167
::1 - - [14/Sep/2017:16:52:20 -0500] "GET / -> / HTTP/1.1" 500 167
::1 - - [14/Sep/2017:16:52:21 -0500] "GET / -> / HTTP/1.1" 500 167
::1 - - [14/Sep/2017:16:52:21 -0500] "GET / -> / HTTP/1.1" 500 167
::1 - - [14/Sep/2017:16:53:37 -0500] "GET / -> / HTTP/1.1" 500 178
::1 - - [14/Sep/2017:16:54:03 -0500] "GET / -> / HTTP/1.1" 500 167
::1 - - [14/Sep/2017:16:54:04 -0500] "GET / -> / HTTP/1.1" 500 167
::1 - - [14/Sep/2017:16:54:39 -0500] "GET / -> / HTTP/1.1" 500 167
::1 - - [14/Sep/2017:16:54:39 -0500] "GET / -> / HTTP/1.1" 500 167
::1 - - [14/Sep/2017:16:54:39 -0500] "GET / -> / HTTP/1.1" 500 167
::1 - - [14/Sep/2017:16:54:56 -0500] "GET / -> / HTTP/1.1" 500 244
::1 - - [14/Sep/2017:17:31:29 -0500] "GET / -> / HTTP/1.1" 500 244
::1 - - [14/Sep/2017:17:32:44 -0500] "GET / -> / HTTP/1.1" 500 167
::1 - - [14/Sep/2017:17:32:45 -0500] "GET / -> / HTTP/1.1" 500 167
::1 - - [14/Sep/2017:17:32:49 -0500] "GET / -> / HTTP/1.1" 500 244
::1 - - [14/Sep/2017:17:33:17 -0500] "GET / -> / HTTP/1.1" 500 244
::1 - - [14/Sep/2017:17:33:18 -0500] "GET / -> / HTTP/1.1" 500 244
::1 - - [14/Sep/2017:17:33:18 -0500] "GET / -> / HTTP/1.1" 500 244
::1 - - [14/Sep/2017:17:33:18 -0500] "GET / -> / HTTP/1.1" 500 244
::1 - - [14/Sep/2017:17:35:34 -0500] "GET / -> / HTTP/1.1" 500 122
::1 - - [14/Sep/2017:17:35:35 -0500] "GET / -> / HTTP/1.1" 500 122
::1 - - [14/Sep/2017:17:36:13 -0500] "GET / -> / HTTP/1.1" 500 122
::1 - - [14/Sep/2017:17:36:14 -0500] "GET / -> / HTTP/1.1" 500 122
::1 - - [14/Sep/2017:17:36:36 -0500] "GET / -> / HTTP/1.1" 500 121
::1 - - [14/Sep/2017:17:37:36 -0500] "GET / -> / HTTP/1.1" 500 29
::1 - - [14/Sep/2017:17:37:37 -0500] "GET / -> / HTTP/1.1" 500 29
::1 - - [14/Sep/2017:17:38:18 -0500] "GET / -> / HTTP/1.1" 500 25
::1 - - [14/Sep/2017:17:39:16 -0500] "GET / -> / HTTP/1.1" 500 25
::1 - - [14/Sep/2017:17:39:17 -0500] "GET / -> / HTTP/1.1" 500 25
::1 - - [14/Sep/2017:17:39:17 -0500] "GET / -> / HTTP/1.1" 500 25
::1 - - [14/Sep/2017:17:39:39 -0500] "GET / -> / HTTP/1.1" 500 25
::1 - - [14/Sep/2017:17:39:55 -0500] "GET / -> / HTTP/1.1" 200 25
::1 - - [14/Sep/2017:17:39:55 -0500] "GET / -> / HTTP/1.1" 200 25
::1 - - [14/Sep/2017:17:39:56 -0500] "GET / -> / HTTP/1.1" 200 25
::1 - - [14/Sep/2017:17:40:05 -0500] "GET / -> / HTTP/1.1" 200 25
::1 - - [14/Sep/2017:17:40:06 -0500] "GET / -> / HTTP/1.1" 200 25
::1 - - [14/Sep/2017:17:40:21 -0500] "GET / -> / HTTP/1.1" 200 23
::1 - - [14/Sep/2017:17:40:33 -0500] "GET / -> / HTTP/1.1" 200 23
::1 - - [14/Sep/2017:17:40:34 -0500] "GET / -> / HTTP/1.1" 200 23
::1 - - [14/Sep/2017:17:40:42 -0500] "GET / -> / HTTP/1.1" 200 23
::1 - - [14/Sep/2017:17:40:46 -0500] "GET / -> / HTTP/1.1" 200 25
::1 - - [14/Sep/2017:17:41:23 -0500] "GET / -> / HTTP/1.1" 200 25
::1 - - [14/Sep/2017:17:41:23 -0500] "GET / -> / HTTP/1.1" 200 25
::1 - - [14/Sep/2017:17:45:49 -0500] "GET / -> / HTTP/1.1" 200 25
::1 - - [14/Sep/2017:17:45:50 -0500] "GET / -> / HTTP/1.1" 200 25
::1 - - [14/Sep/2017:17:45:50 -0500] "GET / -> / HTTP/1.1" 200 25
::1 - - [14/Sep/2017:17:46:11 -0500] "GET / -> / HTTP/1.1" 500 23
::1 - - [14/Sep/2017:17:46:30 -0500] "GET / -> / HTTP/1.1" 500 23
::1 - - [14/Sep/2017:17:46:40 -0500] "GET / -> / HTTP/1.1" 500 25
::1 - - [14/Sep/2017:17:46:44 -0500] "GET / -> / HTTP/1.1" 500 25
::1 - - [14/Sep/2017:17:46:50 -0500] "GET / -> / HTTP/1.1" 200 25
::1 - - [14/Sep/2017:17:46:54 -0500] "GET / -> / HTTP/1.1" 500 25
::1 - - [14/Sep/2017:17:46:58 -0500] "GET / -> / HTTP/1.1" 200 25
::1 - - [14/Sep/2017:17:47:03 -0500] "GET / -> / HTTP/1.1" 200 25
::1 - - [14/Sep/2017:17:47:07 -0500] "GET / -> / HTTP/1.1" 500 25
::1 - - [14/Sep/2017:17:47:12 -0500] "GET / -> / HTTP/1.1" 500 25
::1 - - [14/Sep/2017:17:47:15 -0500] "GET / -> / HTTP/1.1" 200 25
::1 - - [14/Sep/2017:17:47:19 -0500] "GET / -> / HTTP/1.1" 200 25
::1 - - [14/Sep/2017:17:47:23 -0500] "GET / -> / HTTP/1.1" 200 23
::1 - - [14/Sep/2017:17:47:40 -0500] "GET / -> / HTTP/1.1" 200 23
::1 - - [14/Sep/2017:17:47:56 -0500] "GET / -> / HTTP/1.1" 200 23
::1 - - [14/Sep/2017:17:48:28 -0500] "GET / -> / HTTP/1.1" 500 23
::1 - - [14/Sep/2017:17:49:38 -0500] "GET / -> / HTTP/1.1" 500 27
::1 - - [14/Sep/2017:17:50:01 -0500] "GET / -> / HTTP/1.1" 500 23
::1 - - [14/Sep/2017:17:50:02 -0500] "GET / -> / HTTP/1.1" 500 23
::1 - - [14/Sep/2017:17:50:29 -0500] "GET / -> / HTTP/1.1" 500 23
::1 - - [14/Sep/2017:17:50:30 -0500] "GET / -> / HTTP/1.1" 500 23
::1 - - [14/Sep/2017:17:51:04 -0500] "GET / -> / HTTP/1.1" 500 29
::1 - - [14/Sep/2017:17:51:34 -0500] "GET / -> / HTTP/1.1" 500 23
::1 - - [14/Sep/2017:17:51:36 -0500] "GET / -> / HTTP/1.1" 500 23
::1 - - [14/Sep/2017:17:51:36 -0500] "GET / -> / HTTP/1.1" 500 23
::1 - - [14/Sep/2017:17:51:36 -0500] "GET / -> / HTTP/1.1" 500 23
::1 - - [14/Sep/2017:17:51:37 -0500] "GET / -> / HTTP/1.1" 500 23
::1 - - [14/Sep/2017:17:53:05 -0500] "GET / -> / HTTP/1.1" 500 29
::1 - - [14/Sep/2017:17:54:05 -0500] "GET / -> / HTTP/1.1" 500 29
::1 - - [14/Sep/2017:17:54:05 -0500] "GET / -> / HTTP/1.1" 500 29
::1 - - [14/Sep/2017:17:54:15 -0500] "GET / -> / HTTP/1.1" 500 23
::1 - - [14/Sep/2017:17:54:15 -0500] "GET / -> / HTTP/1.1" 500 23
::1 - - [14/Sep/2017:17:54:56 -0500] "GET / -> / HTTP/1.1" 500 25
::1 - - [14/Sep/2017:17:55:20 -0500] "GET / -> / HTTP/1.1" 500 23
::1 - - [14/Sep/2017:17:55:20 -0500] "GET / -> / HTTP/1.1" 500 23
::1 - - [14/Sep/2017:17:55:20 -0500] "GET / -> / HTTP/1.1" 500 23
::1 - - [14/Sep/2017:17:55:58 -0500] "GET / -> / HTTP/1.1" 500 25
::1 - - [14/Sep/2017:17:56:18 -0500] "GET / -> / HTTP/1.1" 500 175
::1 - - [14/Sep/2017:17:57:02 -0500] "GET / -> / HTTP/1.1" 500 175
::1 - - [14/Sep/2017:17:57:02 -0500] "GET / -> / HTTP/1.1" 500 175
::1 - - [14/Sep/2017:17:57:24 -0500] "GET / -> / HTTP/1.1" 500 23
::1 - - [14/Sep/2017:17:57:25 -0500] "GET / -> / HTTP/1.1" 500 23
::1 - - [14/Sep/2017:17:57:43 -0500] "GET / -> / HTTP/1.1" 500 29
::1 - - [14/Sep/2017:17:57:57 -0500] "GET / -> / HTTP/1.1" 500 179
::1 - - [14/Sep/2017:17:58:17 -0500] "GET / -> / HTTP/1.1" 500 179
::1 - - [14/Sep/2017:18:00:58 -0500] "GET / -> / HTTP/1.1" 500 23
::1 - - [14/Sep/2017:18:00:59 -0500] "GET / -> / HTTP/1.1" 500 23
::1 - - [14/Sep/2017:18:00:59 -0500] "GET / -> / HTTP/1.1" 500 23
::1 - - [14/Sep/2017:18:00:59 -0500] "GET / -> / HTTP/1.1" 500 23
::1 - - [14/Sep/2017:18:01:22 -0500] "GET / -> / HTTP/1.1" 500 181
::1 - - [14/Sep/2017:18:02:24 -0500] "GET / -> / HTTP/1.1" 500 181
::1 - - [14/Sep/2017:18:02:24 -0500] "GET / -> / HTTP/1.1" 500 181
::1 - - [14/Sep/2017:18:02:24 -0500] "GET / -> / HTTP/1.1" 500 181
::1 - - [14/Sep/2017:18:02:24 -0500] "GET / -> / HTTP/1.1" 500 181
::1 - - [14/Sep/2017:18:08:45 -0500] "GET / -> / HTTP/1.1" 500 180
::1 - - [14/Sep/2017:18:08:46 -0500] "GET / -> / HTTP/1.1" 500 180
::1 - - [14/Sep/2017:18:08:59 -0500] "GET / -> / HTTP/1.1" 500 178
::1 - - [14/Sep/2017:18:09:10 -0500] "GET / -> / HTTP/1.1" 500 29
::1 - - [14/Sep/2017:18:09:33 -0500] "GET / -> / HTTP/1.1" 500 29
::1 - - [14/Sep/2017:18:09:33 -0500] "GET / -> / HTTP/1.1" 500 29
::1 - - [14/Sep/2017:18:10:06 -0500] "GET / -> / HTTP/1.1" 500 23
::1 - - [14/Sep/2017:18:10:06 -0500] "GET / -> / HTTP/1.1" 500 23
::1 - - [14/Sep/2017:18:10:07 -0500] "GET / -> / HTTP/1.1" 500 23
::1 - - [14/Sep/2017:18:10:31 -0500] "GET / -> / HTTP/1.1" 500 23
::1 - - [14/Sep/2017:18:10:32 -0500] "GET / -> / HTTP/1.1" 500 23
::1 - - [14/Sep/2017:18:10:32 -0500] "GET / -> / HTTP/1.1" 500 23
::1 - - [14/Sep/2017:18:10:32 -0500] "GET / -> / HTTP/1.1" 500 23
::1 - - [14/Sep/2017:18:11:07 -0500] "GET / -> / HTTP/1.1" 500 31
::1 - - [14/Sep/2017:18:11:15 -0500] "GET / -> / HTTP/1.1" 500 31
::1 - - [14/Sep/2017:18:11:16 -0500] "GET / -> / HTTP/1.1" 500 31
::1 - - [14/Sep/2017:18:11:16 -0500] "GET / -> / HTTP/1.1" 500 31
::1 - - [14/Sep/2017:18:11:16 -0500] "GET / -> / HTTP/1.1" 500 31
::1 - - [14/Sep/2017:18:11:29 -0500] "GET / -> / HTTP/1.1" 500 23
::1 - - [14/Sep/2017:18:11:30 -0500] "GET / -> / HTTP/1.1" 500 23
::1 - - [14/Sep/2017:18:11:59 -0500] "GET / -> / HTTP/1.1" 500 29
::1 - - [14/Sep/2017:18:12:19 -0500] "GET / -> / HTTP/1.1" 500 25
::1 - - [14/Sep/2017:18:12:26 -0500] "GET / -> / HTTP/1.1" 500 25
::1 - - [14/Sep/2017:18:12:27 -0500] "GET / -> / HTTP/1.1" 500 25
::1 - - [14/Sep/2017:18:13:19 -0500] "GET / -> / HTTP/1.1" 500 29
::1 - - [14/Sep/2017:18:13:34 -0500] "GET / -> / HTTP/1.1" 500 28
::1 - - [14/Sep/2017:18:13:35 -0500] "GET / -> / HTTP/1.1" 500 28
::1 - - [14/Sep/2017:18:13:42 -0500] "GET / -> / HTTP/1.1" 500 29
::1 - - [14/Sep/2017:18:13:42 -0500] "GET / -> / HTTP/1.1" 500 29
::1 - - [14/Sep/2017:18:13:47 -0500] "GET / -> / HTTP/1.1" 500 28
::1 - - [14/Sep/2017:18:13:49 -0500] "GET / -> / HTTP/1.1" 500 28
::1 - - [14/Sep/2017:18:13:50 -0500] "GET / -> / HTTP/1.1" 500 28
::1 - - [14/Sep/2017:18:13:50 -0500] "GET / -> / HTTP/1.1" 500 28
::1 - - [14/Sep/2017:18:14:00 -0500] "GET / -> / HTTP/1.1" 500 28
::1 - - [14/Sep/2017:18:14:07 -0500] "GET / -> / HTTP/1.1" 500 29
::1 - - [14/Sep/2017:18:14:07 -0500] "GET / -> / HTTP/1.1" 500 29
::1 - - [14/Sep/2017:18:14:08 -0500] "GET / -> / HTTP/1.1" 500 29
::1 - - [14/Sep/2017:18:14:23 -0500] "GET / -> / HTTP/1.1" 500 28
::1 - - [14/Sep/2017:18:14:23 -0500] "GET / -> / HTTP/1.1" 500 28
::1 - - [14/Sep/2017:18:14:23 -0500] "GET / -> / HTTP/1.1" 500 28
::1 - - [14/Sep/2017:18:14:51 -0500] "GET / -> / HTTP/1.1" 500 34
::1 - - [14/Sep/2017:18:15:02 -0500] "GET / -> / HTTP/1.1" 500 179
::1 - - [14/Sep/2017:18:15:23 -0500] "GET / -> / HTTP/1.1" 500 179
::1 - - [14/Sep/2017:18:15:32 -0500] "GET / -> / HTTP/1.1" 500 176
::1 - - [14/Sep/2017:18:17:17 -0500] "GET / -> / HTTP/1.1" 500 176
::1 - - [14/Sep/2017:18:17:17 -0500] "GET / -> / HTTP/1.1" 500 176
::1 - - [14/Sep/2017:18:17:57 -0500] "GET / -> / HTTP/1.1" 500 23
::1 - - [14/Sep/2017:18:17:57 -0500] "GET / -> / HTTP/1.1" 500 23
::1 - - [14/Sep/2017:18:20:17 -0500] "GET / -> / HTTP/1.1" 500 29
::1 - - [14/Sep/2017:18:20:50 -0500] "GET / -> / HTTP/1.1" 500 23
::1 - - [14/Sep/2017:18:20:51 -0500] "GET / -> / HTTP/1.1" 500 23
::1 - - [14/Sep/2017:18:21:23 -0500] "GET / -> / HTTP/1.1" 500 23
::1 - - [14/Sep/2017:18:21:24 -0500] "GET / -> / HTTP/1.1" 500 23
::1 - - [14/Sep/2017:18:21:50 -0500] "GET / -> / HTTP/1.1" 500 23
::1 - - [14/Sep/2017:18:21:51 -0500] "GET / -> / HTTP/1.1" 500 23
::1 - - [14/Sep/2017:18:22:09 -0500] "GET / -> / HTTP/1.1" 500 23
::1 - - [14/Sep/2017:18:22:45 -0500] "GET / -> / HTTP/1.1" 500 31
::1 - - [14/Sep/2017:18:22:46 -0500] "GET / -> / HTTP/1.1" 500 31
::1 - - [14/Sep/2017:18:22:58 -0500] "GET / -> / HTTP/1.1" 500 31
::1 - - [14/Sep/2017:18:22:59 -0500] "GET / -> / HTTP/1.1" 500 31
::1 - - [14/Sep/2017:18:23:22 -0500] "GET / -> / HTTP/1.1" 500 31
::1 - - [14/Sep/2017:18:25:37 -0500] "GET / -> / HTTP/1.1" 500 346
::1 - - [14/Sep/2017:18:26:01 -0500] "GET / -> / HTTP/1.1" 500 51
::1 - - [14/Sep/2017:18:26:16 -0500] "GET / -> / HTTP/1.1" 500 31
::1 - - [14/Sep/2017:18:26:17 -0500] "GET / -> / HTTP/1.1" 500 31
::1 - - [14/Sep/2017:18:26:47 -0500] "GET / -> / HTTP/1.1" 500 31
::1 - - [14/Sep/2017:18:26:48 -0500] "GET / -> / HTTP/1.1" 500 31
::1 - - [14/Sep/2017:18:26:48 -0500] "GET / -> / HTTP/1.1" 500 31
::1 - - [14/Sep/2017:18:26:50 -0500] "GET / -> / HTTP/1.1" 500 23
::1 - - [14/Sep/2017:18:27:11 -0500] "GET / -> / HTTP/1.1" 502 40
::1 - - [14/Sep/2017:18:27:24 -0500] "GET / -> / HTTP/1.1" 502 40
::1 - - [14/Sep/2017:18:27:24 -0500] "GET / -> / HTTP/1.1" 502 40
::1 - - [14/Sep/2017:18:27:24 -0500] "GET / -> / HTTP/1.1" 502 40
::1 - - [14/Sep/2017:18:27:33 -0500] "GET / -> / HTTP/1.1" 500 27
::1 - - [14/Sep/2017:18:27:40 -0500] "GET / -> / HTTP/1.1" 502 40
::1 - - [14/Sep/2017:18:27:55 -0500] "GET / -> / HTTP/1.1" 502 40
::1 - - [14/Sep/2017:18:27:56 -0500] "GET / -> / HTTP/1.1" 502 40
::1 - - [14/Sep/2017:18:29:21 -0500] "GET / -> / HTTP/1.1" 500 23
::1 - - [14/Sep/2017:18:29:22 -0500] "GET / -> / HTTP/1.1" 500 23
::1 - - [14/Sep/2017:18:29:32 -0500] "GET / -> / HTTP/1.1" 200 23
::1 - - [14/Sep/2017:18:33:12 -0500] "GET / -> / HTTP/1.1" 200 23
::1 - - [14/Sep/2017:18:33:13 -0500] "GET / -> / HTTP/1.1" 200 23
::1 - - [14/Sep/2017:18:33:29 -0500] "GET / -> / HTTP/1.1" 200 23
::1 - - [14/Sep/2017:18:33:37 -0500] "GET / -> / HTTP/1.1" 500 23
::1 - - [14/Sep/2017:18:34:20 -0500] "GET / -> / HTTP/1.1" 500 23
::1 - - [14/Sep/2017:18:34:21 -0500] "GET / -> / HTTP/1.1" 500 23
::1 - - [14/Sep/2017:18:34:21 -0500] "GET / -> / HTTP/1.1" 500 23
::1 - - [14/Sep/2017:18:34:21 -0500] "GET / -> / HTTP/1.1" 500 23
::1 - - [14/Sep/2017:18:34:22 -0500] "GET / -> / HTTP/1.1" 500 23
::1 - - [14/Sep/2017:18:34:32 -0500] "GET / -> / HTTP/1.1" 500 25
::1 - - [14/Sep/2017:18:34:39 -0500] "GET / -> / HTTP/1.1" 500 25
::1 - - [14/Sep/2017:18:34:40 -0500] "GET / -> / HTTP/1.1" 500 25
::1 - - [14/Sep/2017:18:34:40 -0500] "GET / -> / HTTP/1.1" 500 25
::1 - - [14/Sep/2017:18:35:00 -0500] "GET / -> / HTTP/1.1" 500 25
::1 - - [14/Sep/2017:18:35:00 -0500] "GET / -> / HTTP/1.1" 500 25
::1 - - [14/Sep/2017:18:35:01 -0500] "GET / -> / HTTP/1.1" 500 25
::1 - - [14/Sep/2017:18:35:01 -0500] "GET / -> / HTTP/1.1" 500 25
::1 - - [14/Sep/2017:18:35:10 -0500] "GET / -> / HTTP/1.1" 500 25
::1 - - [14/Sep/2017:18:35:10 -0500] "GET / -> / HTTP/1.1" 500 25
::1 - - [14/Sep/2017:18:35:13 -0500] "GET / -> / HTTP/1.1" 500 25
::1 - - [14/Sep/2017:18:36:51 -0500] "GET / -> / HTTP/1.1" 200 178
::1 - - [14/Sep/2017:18:37:08 -0500] "GET / -> / HTTP/1.1" 200 29
::1 - - [14/Sep/2017:18:40:43 -0500] "GET / -> / HTTP/1.1" 200 29
::1 - - [14/Sep/2017:18:41:21 -0500] "GET / -> / HTTP/1.1" 200 44
::1 - - [14/Sep/2017:18:43:20 -0500] "GET / -> / HTTP/1.1" 200 29
::1 - - [14/Sep/2017:18:43:20 -0500] "GET / -> / HTTP/1.1" 200 29
::1 - - [14/Sep/2017:18:44:15 -0500] "GET / -> / HTTP/1.1" 200 29
::1 - - [14/Sep/2017:18:50:45 -0500] "GET / -> / HTTP/1.1" 200 29
::1 - - [14/Sep/2017:18:51:05 -0500] "GET / -> / HTTP/1.1" 200 29
::1 - - [14/Sep/2017:18:52:57 -0500] "GET / -> / HTTP/1.1" 200 29
::1 - - [14/Sep/2017:18:53:15 -0500] "GET / -> / HTTP/1.1" 200 29
::1 - - [14/Sep/2017:18:57:46 -0500] "GET / -> / HTTP/1.1" 200 29
::1 - - [14/Sep/2017:18:57:46 -0500] "GET / -> / HTTP/1.1" 200 29
::1 - - [14/Sep/2017:19:00:35 -0500] "GET /myanmeis?name=john -> / HTTP/1.1" 500 23
::1 - - [14/Sep/2017:19:00:49 -0500] "GET /mynameis?name=john -> / HTTP/1.1" 500 23
::1 - - [14/Sep/2017:19:01:05 -0500] "GET /mynameis?name=john -> / HTTP/1.1" 500 25
::1 - - [14/Sep/2017:19:01:28 -0500] "GET /mynameis?name=john -> / HTTP/1.1" 500 29
::1 - - [14/Sep/2017:19:01:50 -0500] "GET /mynameis?name=john -> / HTTP/1.1" 500 587
::1 - - [14/Sep/2017:19:02:13 -0500] "GET /mynameis?name=john -> / HTTP/1.1" 500 26
::1 - - [14/Sep/2017:19:02:14 -0500] "GET /mynameis?name=john -> / HTTP/1.1" 500 26
::1 - - [14/Sep/2017:19:02:21 -0500] "GET /mynameis?name=john -> / HTTP/1.1" 500 26
::1 - - [14/Sep/2017:19:02:21 -0500] "GET /mynameis?name=john -> / HTTP/1.1" 500 26
::1 - - [14/Sep/2017:19:02:21 -0500] "GET /mynameis?name=john -> / HTTP/1.1" 500 26
::1 - - [14/Sep/2017:19:02:27 -0500] "GET /mynameis?name=john -> / HTTP/1.1" 500 520
::1 - - [14/Sep/2017:19:03:16 -0500] "GET /mynameis?name=john -> / HTTP/1.1" 500 23
::1 - - [14/Sep/2017:19:03:30 -0500] "GET /mynameis?name=john -> / HTTP/1.1" 500 28
::1 - - [14/Sep/2017:19:04:22 -0500] "GET /mynameis?name=john -> / HTTP/1.1" 500 27
::1 - - [14/Sep/2017:19:05:53 -0500] "GET /mynameis?name=john -> / HTTP/1.1" 500 28
::1 - - [14/Sep/2017:19:06:11 -0500] "GET /mynameis?name=john -> / HTTP/1.1" 500 23
::1 - - [14/Sep/2017:19:06:12 -0500] "GET /mynameis?name=john -> / HTTP/1.1" 500 23
::1 - - [14/Sep/2017:19:06:26 -0500] "GET /mynameis?name=john -> / HTTP/1.1" 500 368
::1 - - [14/Sep/2017:19:07:27 -0500] "GET /mynameis?name=john -> / HTTP/1.1" 500 23
::1 - - [14/Sep/2017:19:07:28 -0500] "GET /mynameis?name=john -> / HTTP/1.1" 500 23
::1 - - [14/Sep/2017:19:07:42 -0500] "GET /mynameis?name=john -> / HTTP/1.1" 500 23
::1 - - [14/Sep/2017:19:07:42 -0500] "GET /mynameis?name=john -> / HTTP/1.1" 500 23
::1 - - [14/Sep/2017:19:07:57 -0500] "GET /mynameis?name=john -> / HTTP/1.1" 500 23
::1 - - [14/Sep/2017:19:07:57 -0500] "GET /mynameis?name=john -> / HTTP/1.1" 500 23
::1 - - [14/Sep/2017:19:08:21 -0500] "GET /mynameis?name=john -> / HTTP/1.1" 500 23
::1 - - [14/Sep/2017:19:08:22 -0500] "GET /mynameis?name=john -> / HTTP/1.1" 500 23
::1 - - [14/Sep/2017:19:08:40 -0500] "GET /mynameis?name=john -> / HTTP/1.1" 500 368
::1 - - [14/Sep/2017:19:09:03 -0500] "GET /mynameis?name=john -> / HTTP/1.1" 500 23
::1 - - [14/Sep/2017:19:09:03 -0500] "GET /mynameis?name=john -> / HTTP/1.1" 500 23
::1 - - [14/Sep/2017:19:09:20 -0500] "GET /mynameis?name=john -> / HTTP/1.1" 500 25
::1 - - [14/Sep/2017:19:09:35 -0500] "GET /mynameis?name=john -> / HTTP/1.1" 500 23
::1 - - [14/Sep/2017:19:11:01 -0500] "GET /mynameis?name=john -> / HTTP/1.1" 500 25
::1 - - [14/Sep/2017:19:11:06 -0500] "GET /mynameis?name=john -> / HTTP/1.1" 500 25
::1 - - [14/Sep/2017:19:11:17 -0500] "GET /mynameis?name=john -> / HTTP/1.1" 500 118
::1 - - [14/Sep/2017:19:11:56 -0500] "GET /mynameis?name=john -> / HTTP/1.1" 200 351
::1 - - [14/Sep/2017:19:12:37 -0500] "GET /mynameis?name=john -> / HTTP/1.1" 200 349
::1 - - [14/Sep/2017:19:13:08 -0500] "GET /mynameis?name=john -> / HTTP/1.1" 200 349
::1 - - [14/Sep/2017:19:13:08 -0500] "GET /mynameis?name=john -> / HTTP/1.1" 200 349
::1 - - [14/Sep/2017:19:13:23 -0500] "GET /mynameis?name=john -> / HTTP/1.1" 500 23
::1 - - [14/Sep/2017:19:13:24 -0500] "GET /mynameis?name=john -> / HTTP/1.1" 500 23
::1 - - [14/Sep/2017:19:13:31 -0500] "GET /mynameis?name=john -> / HTTP/1.1" 500 23
::1 - - [14/Sep/2017:19:13:42 -0500] "GET /mynameis?name=john -> / HTTP/1.1" 500 25
::1 - - [14/Sep/2017:19:13:43 -0500] "GET /mynameis?name=john -> / HTTP/1.1" 500 25
::1 - - [14/Sep/2017:19:13:45 -0500] "GET /mynameis?name=john -> / HTTP/1.1" 500 25
::1 - - [14/Sep/2017:19:15:19 -0500] "GET / -> / HTTP/1.1" 500 25
::1 - - [14/Sep/2017:19:15:20 -0500] "GET / -> / HTTP/1.1" 500 25
::1 - - [14/Sep/2017:19:15:26 -0500] "GET / -> / HTTP/1.1" 500 25
::1 - - [14/Sep/2017:19:15:26 -0500] "GET / -> / HTTP/1.1" 500 25
::1 - - [14/Sep/2017:19:15:34 -0500] "GET / -> / HTTP/1.1" 200 357
::1 - - [14/Sep/2017:19:16:54 -0500] "GET / -> / HTTP/1.1" 500 25
::1 - - [14/Sep/2017:19:16:55 -0500] "GET / -> / HTTP/1.1" 500 25
::1 - - [14/Sep/2017:19:16:55 -0500] "GET / -> / HTTP/1.1" 500 25
::1 - - [14/Sep/2017:19:22:37 -0500] "GET / -> / HTTP/1.1" 500 23
::1 - - [14/Sep/2017:19:22:37 -0500] "GET / -> / HTTP/1.1" 500 23
::1 - - [14/Sep/2017:19:22:45 -0500] "GET / -> / HTTP/1.1" 500 25
::1 - - [14/Sep/2017:19:22:50 -0500] "GET / -> / HTTP/1.1" 500 25
::1 - - [14/Sep/2017:19:23:10 -0500] "GET / -> / HTTP/1.1" 500 25
::1 - - [14/Sep/2017:19:27:06 -0500] "GET / -> / HTTP/1.1" 500 568
::1 - - [14/Sep/2017:19:27:50 -0500] "GET / -> / HTTP/1.1" 200 995
::1 - - [14/Sep/2017:19:28:10 -0500] "GET / -> / HTTP/1.1" 200 994
::1 - - [14/Sep/2017:19:28:25 -0500] "GET / -> / HTTP/1.1" 200 515
::1 - - [14/Sep/2017:19:29:44 -0500] "GET / -> / HTTP/1.1" 200 529
::1 - - [14/Sep/2017:19:30:29 -0500] "GET / -> / HTTP/1.1" 200 251
::1 - - [14/Sep/2017:19:30:55 -0500] "GET / -> / HTTP/1.1" 200 228
::1 - - [14/Sep/2017:19:31:20 -0500] "GET / -> / HTTP/1.1" 200 37
::1 - - [14/Sep/2017:19:31:24 -0500] "GET /mynameis?name=john -> / HTTP/1.1" 200 34
::1 - - [14/Sep/2017:19:31:54 -0500] "GET /mynameis/%7Bjohn%7D -> / HTTP/1.1" 200 235
::1 - - [14/Sep/2017:19:32:00 -0500] "GET /mynameis/john -> / HTTP/1.1" 200 372
::1 - - [14/Sep/2017:19:32:07 -0500] "GET /mynameis/john -> / HTTP/1.1" 200 372
::1 - - [14/Sep/2017:19:33:02 -0500] "GET /mynameis/john -> / HTTP/1.1" 200 418
::1 - - [14/Sep/2017:19:33:09 -0500] "GET /mynameis/john -> / HTTP/1.1" 200 383
::1 - - [14/Sep/2017:19:33:43 -0500] "GET /mynameis/john -> / HTTP/1.1" 200 394
::1 - - [14/Sep/2017:19:34:40 -0500] "GET /mynameis/john -> / HTTP/1.1" 200 394
::1 - - [14/Sep/2017:19:34:41 -0500] "GET /mynameis/john -> / HTTP/1.1" 200 394
::1 - - [14/Sep/2017:19:35:09 -0500] "GET /mynameis/john -> / HTTP/1.1" 200 424
::1 - - [14/Sep/2017:19:35:58 -0500] "GET /mynameis/john -> / HTTP/1.1" 200 139
::1 - - [14/Sep/2017:19:36:15 -0500] "GET /mynameis/john -> / HTTP/1.1" 200 434
::1 - - [14/Sep/2017:19:36:24 -0500] "GET /mynameis/john -> / HTTP/1.1" 200 419
::1 - - [14/Sep/2017:19:36:39 -0500] "GET /mynameis/john -> / HTTP/1.1" 200 412
::1 - - [14/Sep/2017:19:36:47 -0500] "GET /mynameis/john -> / HTTP/1.1" 200 415
::1 - - [14/Sep/2017:19:37:08 -0500] "GET /mynameis/john -> / HTTP/1.1" 200 686
::1 - - [14/Sep/2017:19:37:21 -0500] "GET /mynameis/john -> / HTTP/1.1" 200 372
::1 - - [14/Sep/2017:19:39:12 -0500] "GET /mynameis/john -> / HTTP/1.1" 200 416
::1 - - [14/Sep/2017:19:39:59 -0500] "GET /mynameis/john -> / HTTP/1.1" 200 373
::1 - - [14/Sep/2017:19:40:00 -0500] "GET /mynameis/john -> / HTTP/1.1" 200 373
::1 - - [14/Sep/2017:19:40:02 -0500] "GET /mynameis/john -> / HTTP/1.1" 200 373
::1 - - [14/Sep/2017:19:40:18 -0500] "GET /mynameis/john -> / HTTP/1.1" 200 418
::1 - - [14/Sep/2017:19:40:32 -0500] "GET /mynameis/john -> / HTTP/1.1" 200 426
::1 - - [14/Sep/2017:19:41:04 -0500] "GET /mynameis/john -> / HTTP/1.1" 200 373
::1 - - [14/Sep/2017:19:41:05 -0500] "GET /mynameis/john -> / HTTP/1.1" 200 373
::1 - - [14/Sep/2017:19:41:20 -0500] "GET /mynameis/john -> / HTTP/1.1" 200 421
::1 - - [14/Sep/2017:19:41:44 -0500] "GET /mynameis/john -> / HTTP/1.1" 200 407
::1 - - [14/Sep/2017:19:42:44 -0500] "GET /mynameis/john -> / HTTP/1.1" 200 34
::1 - - [14/Sep/2017:19:57:49 -0500] "GET /mynameis/john. -> / HTTP/1.1" 200 35
::1 - - [14/Sep/2017:19:57:53 -0500] "GET /mynameis/john/ -> / HTTP/1.1" 200 34
::1 - - [14/Sep/2017:19:57:56 -0500] "GET /mynameis/john/8 -> / HTTP/1.1" 200 219
::1 - - [14/Sep/2017:19:59:20 -0500] "GET /mynameis/john/8 -> / HTTP/1.1" 200 235
::1 - - [14/Sep/2017:20:00:36 -0500] "GET /mynameis/john/8 -> / HTTP/1.1" 404 23
::1 - - [14/Sep/2017:20:00:37 -0500] "GET /mynameis/john/8 -> / HTTP/1.1" 404 23
::1 - - [14/Sep/2017:20:06:28 -0500] "GET /mynameis/john/8 -> / HTTP/1.1" 404 23
::1 - - [14/Sep/2017:20:11:48 -0500] "GET /dog.jpg -> /assets/dog.jpg HTTP/1.1" 404 14
::1 - - [14/Sep/2017:20:11:49 -0500] "GET /doggo -> / HTTP/1.1" 200 434
::1 - - [14/Sep/2017:20:12:35 -0500] "GET /doggo -> / HTTP/1.1" 200 390
::1 - - [14/Sep/2017:20:12:35 -0500] "GET /doggo -> / HTTP/1.1" 200 390
::1 - - [14/Sep/2017:20:12:36 -0500] "GET /doggo -> / HTTP/1.1" 200 390
::1 - - [14/Sep/2017:20:12:50 -0500] "GET /doggo -> / HTTP/1.1" 200 447
::1 - - [14/Sep/2017:20:13:33 -0500] "GET /doggo -> / HTTP/1.1" 200 419
::1 - - [14/Sep/2017:20:13:56 -0500] "GET /doggo -> / HTTP/1.1" 200 111784
::1 - - [14/Sep/2017:20:15:05 -0500] "GET /doggo -> / HTTP/1.1" 200 452
::1 - - [14/Sep/2017:20:15:37 -0500] "GET /doggo -> / HTTP/1.1" 200 111784
::1 - - [14/Sep/2017:20:16:09 -0500] "GET /doggo -> / HTTP/1.1" 200 111784
::1 - - [14/Sep/2017:20:17:07 -0500] "GET /doggo -> / HTTP/1.1" 200 25
::1 - - [14/Sep/2017:20:18:36 -0500] "GET /doggo -> / HTTP/1.1" 200 25
::1 - - [14/Sep/2017:20:19:24 -0500] "GET / -> / HTTP/1.1" 200 37
::1 - - [14/Sep/2017:20:19:28 -0500] "GET /doggo -> / HTTP/1.1" 200 25
::1 - - [14/Sep/2017:20:19:52 -0500] "GET / -> / HTTP/1.1" 200 37
::1 - - [14/Sep/2017:20:19:52 -0500] "GET / -> / HTTP/1.1" 200 37
::1 - - [14/Sep/2017:20:19:56 -0500] "GET /doggo -> / HTTP/1.1" 200 23
::1 - - [14/Sep/2017:20:20:27 -0500] "GET /doggo -> / HTTP/1.1" 200 25
::1 - - [14/Sep/2017:20:20:37 -0500] "GET /doggo -> / HTTP/1.1" 200 25
::1 - - [14/Sep/2017:20:20:49 -0500] "GET /doggo -> / HTTP/1.1" 200 25
::1 - - [14/Sep/2017:20:21:39 -0500] "GET /wait/did/this/change?id=%224000%22 -> / HTTP/1.1" 404 23
::1 - - [14/Sep/2017:20:22:13 -0500] "GET /doggo -> / HTTP/1.1" 200 25
::1 - - [14/Sep/2017:20:24:51 -0500] "GET /doggo -> / HTTP/1.1" 200 25
::1 - - [14/Sep/2017:20:27:07 -0500] "GET /doggo -> / HTTP/1.1" 200 25
::1 - - [14/Sep/2017:20:27:35 -0500] "GET /doggo -> / HTTP/1.1" 200 25
::1 - - [14/Sep/2017:20:28:02 -0500] "GET /doggo -> / HTTP/1.1" 200 25
::1 - - [14/Sep/2017:20:28:23 -0500] "GET /doggo -> / HTTP/1.1" 200 25
::1 - - [14/Sep/2017:20:28:54 -0500] "GET /doggo -> / HTTP/1.1" 200 25
::1 - - [14/Sep/2017:20:29:09 -0500] "GET /doggo -> / HTTP/1.1" 200 23
::1 - - [14/Sep/2017:20:29:13 -0500] "GET /doggo -> / HTTP/1.1" 200 26
::1 - - [14/Sep/2017:20:29:46 -0500] "GET /doggo -> / HTTP/1.1" 200 29
::1 - - [14/Sep/2017:20:29:57 -0500] "GET /doggo -> / HTTP/1.1" 200 29
::1 - - [14/Sep/2017:20:31:17 -0500] "GET /doggo -> / HTTP/1.1" 200 26
::1 - - [14/Sep/2017:20:31:29 -0500] "GET /doggo -> / HTTP/1.1" 200 72
::1 - - [14/Sep/2017:20:31:56 -0500] "GET /doggo -> / HTTP/1.1" 200 196
::1 - - [14/Sep/2017:20:32:27 -0500] "GET /doggo -> / HTTP/1.1" 200 76
::1 - - [14/Sep/2017:20:32:49 -0500] "GET /doggo -> / HTTP/1.1" 200 111618
::1 - - [14/Sep/2017:20:33:23 -0500] "GET /doggo -> / HTTP/1.1" 200 111618
::1 - - [14/Sep/2017:20:33:24 -0500] "GET /doggo -> / HTTP/1.1" 200 111618
::1 - - [14/Sep/2017:20:33:36 -0500] "GET /doggo -> / HTTP/1.1" 200 111618
::1 - - [14/Sep/2017:20:35:57 -0500] "GET /doggo -> / HTTP/1.1" 200 111618
127.0.0.1 - - [14/Sep/2017:20:37:05 -0500] "GET /doggo -> / HTTP/1.1" 200 111618
127.0.0.1 - - [14/Sep/2017:20:38:27 -0500] "GET /images/dog.jpg -> /assets/images/dog.jpg HTTP/1.1" 200 112531
127.0.0.1 - - [14/Sep/2017:20:38:29 -0500] "GET /favicon.ico -> /assets/favicon.ico HTTP/1.1" 404 14
127.0.0.1 - - [14/Sep/2017:20:40:29 -0500] "GET /doggo -> / HTTP/1.1" 200 111618
::1 - - [14/Sep/2017:22:10:16 -0500] "GET /person -> / HTTP/1.1" 200 325
::1 - - [14/Sep/2017:22:52:17 -0500] "GET /person -> / HTTP/1.1" 200 180
::1 - - [14/Sep/2017:22:52:28 -0500] "GET /person -> / HTTP/1.1" 200 148
::1 - - [14/Sep/2017:22:52:58 -0500] "GET /person -> / HTTP/1.1" 200 30
::1 - - [14/Sep/2017:22:57:53 -0500] "GET /person -> / HTTP/1.1" 200 30
::1 - - [14/Sep/2017:22:57:54 -0500] "GET /person -> / HTTP/1.1" 200 30
::1 - - [14/Sep/2017:22:57:55 -0500] "GET /person -> / HTTP/1.1" 200 30
::1 - - [14/Sep/2017:22:58:11 -0500] "GET /person -> / HTTP/1.1" 200 30
::1 - - [14/Sep/2017:22:58:12 -0500] "GET /person -> / HTTP/1.1" 200 30
::1 - - [14/Sep/2017:22:58:16 -0500] "GET / -> / HTTP/1.1" 200 37
::1 - - [14/Sep/2017:22:58:20 -0500] "GET /mynameis/john -> / HTTP/1.1" 200 34
::1 - - [14/Sep/2017:22:58:27 -0500] "GET /mynameis?name=john -> / HTTP/1.1" 200 34
::1 - - [14/Sep/2017:22:58:52 -0500] "GET /mynameis?name=john -> / HTTP/1.1" 200 34
::1 - - [14/Sep/2017:22:58:52 -0500] "GET /mynameis?name=john -> / HTTP/1.1" 200 34
::1 - - [14/Sep/2017:22:58:57 -0500] "GET /person -> / HTTP/1.1" 200 341
::1 - - [14/Sep/2017:22:59:37 -0500] "GET /person -> / HTTP/1.1" 200 373
::1 - - [14/Sep/2017:22:59:59 -0500] "GET /person -> / HTTP/1.1" 200 399
::1 - - [14/Sep/2017:23:01:20 -0500] "GET /person -> / HTTP/1.1" 200 170
::1 - - [14/Sep/2017:23:01:55 -0500] "GET /person -> / HTTP/1.1" 200 39
::1 - - [14/Sep/2017:23:02:44 -0500] "GET /person -> / HTTP/1.1" 200 39
::1 - - [14/Sep/2017:23:02:45 -0500] "GET /person -> / HTTP/1.1" 200 39
::1 - - [14/Sep/2017:23:02:45 -0500] "GET /person -> / HTTP/1.1" 200 39
::1 - - [14/Sep/2017:23:02:45 -0500] "GET /person -> / HTTP/1.1" 200 39
::1 - - [14/Sep/2017:23:02:45 -0500] "GET /person -> / HTTP/1.1" 200 39
::1 - - [14/Sep/2017:23:02:46 -0500] "GET /person -> / HTTP/1.1" 200 39
::1 - - [14/Sep/2017:23:02:50 -0500] "GET /person -> / HTTP/1.1" 200 40
::1 - - [14/Sep/2017:23:10:10 -0500] "GET /intercept -> / HTTP/1.1" 200 182
::1 - - [14/Sep/2017:23:10:22 -0500] "GET /intercept -> / HTTP/1.1" 200 335
::1 - - [14/Sep/2017:23:12:02 -0500] "GET /intercept -> / HTTP/1.1" 200 358
::1 - - [14/Sep/2017:23:12:53 -0500] "GET /intercept -> / HTTP/1.1" 200 362
::1 - - [14/Sep/2017:23:13:13 -0500] "GET /intercept -> / HTTP/1.1" 200 329
::1 - - [14/Sep/2017:23:13:28 -0500] "GET /intercept -> / HTTP/1.1" 200 361
::1 - - [14/Sep/2017:23:13:41 -0500] "GET /intercept -> / HTTP/1.1" 200 421
::1 - - [14/Sep/2017:23:14:47 -0500] "GET /intercept -> / HTTP/1.1" 200 587
::1 - - [14/Sep/2017:23:15:06 -0500] "GET /intercept -> / HTTP/1.1" 200 421
::1 - - [14/Sep/2017:23:15:50 -0500] "GET /intercept -> / HTTP/1.1" 200 441
::1 - - [14/Sep/2017:23:17:10 -0500] "GET /intercept -> / HTTP/1.1" 200 427
::1 - - [14/Sep/2017:23:17:11 -0500] "GET /intercept -> / HTTP/1.1" 200 427
::1 - - [14/Sep/2017:23:18:04 -0500] "GET /intercept -> / HTTP/1.1" 200 421
::1 - - [14/Sep/2017:23:19:22 -0500] "GET /intercept -> / HTTP/1.1" 200 425
::1 - - [14/Sep/2017:23:19:23 -0500] "GET /intercept -> / HTTP/1.1" 200 425
::1 - - [14/Sep/2017:23:20:23 -0500] "GET /intercept -> / HTTP/1.1" 200 425
::1 - - [14/Sep/2017:23:20:23 -0500] "GET /intercept -> / HTTP/1.1" 200 425
::1 - - [14/Sep/2017:23:20:25 -0500] "GET /intercept -> / HTTP/1.1" 200 425
::1 - - [14/Sep/2017:23:20:25 -0500] "GET /intercept -> / HTTP/1.1" 200 425
::1 - - [14/Sep/2017:23:20:26 -0500] "GET /intercept -> / HTTP/1.1" 200 425
::1 - - [14/Sep/2017:23:20:26 -0500] "GET /intercept -> / HTTP/1.1" 200 425
::1 - - [14/Sep/2017:23:20:54 -0500] "GET /intercept -> / HTTP/1.1" 200 333
::1 - - [14/Sep/2017:23:23:39 -0500] "GET /intercept -> / HTTP/1.1" 200 311
::1 - - [14/Sep/2017:23:23:40 -0500] "GET /intercept -> / HTTP/1.1" 200 311
::1 - - [14/Sep/2017:23:24:05 -0500] "GET /intercept -> / HTTP/1.1" 200 176
::1 - - [14/Sep/2017:23:24:55 -0500] "GET /intercept -> / HTTP/1.1" 200 43
::1 - - [14/Sep/2017:23:25:22 -0500] "GET /intercept -> / HTTP/1.1" 200 38
::1 - - [14/Sep/2017:23:25:36 -0500] "GET /intercept -> / HTTP/1.1" 200 153
::1 - - [14/Sep/2017:23:26:27 -0500] "GET /intercept -> / HTTP/1.1" 200 153
::1 - - [14/Sep/2017:23:26:47 -0500] "GET /intercept -> / HTTP/1.1" 200 157
::1 - - [14/Sep/2017:23:26:47 -0500] "GET /intercept -> / HTTP/1.1" 200 157
::1 - - [14/Sep/2017:23:27:00 -0500] "GET /intercept -> / HTTP/1.1" 200 40
::1 - - [14/Sep/2017:23:27:01 -0500] "GET /intercept -> / HTTP/1.1" 200 40
::1 - - [14/Sep/2017:23:27:18 -0500] "GET /intercept -> / HTTP/1.1" 200 40
::1 - - [14/Sep/2017:23:27:19 -0500] "GET /intercept -> / HTTP/1.1" 200 40
::1 - - [14/Sep/2017:23:27:20 -0500] "GET /intercept -> / HTTP/1.1" 200 40
::1 - - [14/Sep/2017:23:27:28 -0500] "GET /intercept -> / HTTP/1.1" 200 26
::1 - - [14/Sep/2017:23:28:22 -0500] "GET /intercept -> / HTTP/1.1" 200 26
::1 - - [14/Sep/2017:23:28:23 -0500] "GET /intercept -> / HTTP/1.1" 200 26
::1 - - [14/Sep/2017:23:28:33 -0500] "GET /intercept -> / HTTP/1.1" 200 26
::1 - - [14/Sep/2017:23:28:34 -0500] "GET /intercept -> / HTTP/1.1" 200 26
::1 - - [14/Sep/2017:23:28:34 -0500] "GET /intercept -> / HTTP/1.1" 200 26
::1 - - [14/Sep/2017:23:28:34 -0500] "GET /intercept -> / HTTP/1.1" 200 26
::1 - - [14/Sep/2017:23:28:47 -0500] "GET /intercept -> / HTTP/1.1" 200 62
::1 - - [14/Sep/2017:23:29:11 -0500] "GET /intercept -> / HTTP/1.1" 200 62
::1 - - [14/Sep/2017:23:29:34 -0500] "GET /intercept -> / HTTP/1.1" 200 26
::1 - - [14/Sep/2017:23:29:50 -0500] "GET /intercept -> / HTTP/1.1" 200 26
::1 - - [14/Sep/2017:23:29:51 -0500] "GET /intercept -> / HTTP/1.1" 200 26
::1 - - [14/Sep/2017:23:30:06 -0500] "GET /intercept -> / HTTP/1.1" 200 26
::1 - - [14/Sep/2017:23:30:07 -0500] "GET /intercept -> / HTTP/1.1" 200 26
::1 - - [14/Sep/2017:23:31:09 -0500] "GET /intercept -> / HTTP/1.1" 200 27
::1 - - [14/Sep/2017:23:31:23 -0500] "GET /intercept -> / HTTP/1.1" 200 229
::1 - - [14/Sep/2017:23:31:49 -0500] "GET /intercept -> / HTTP/1.1" 200 40
::1 - - [14/Sep/2017:23:31:50 -0500] "GET /intercept -> / HTTP/1.1" 200 40
::1 - - [14/Sep/2017:23:32:40 -0500] "GET /intercept -> / HTTP/1.1" 200 57
::1 - - [14/Sep/2017:23:33:27 -0500] "GET /intercept -> / HTTP/1.1" 200 407
::1 - - [14/Sep/2017:23:34:27 -0500] "GET /intercept -> / HTTP/1.1" 200 302
::1 - - [14/Sep/2017:23:34:28 -0500] "GET /intercept -> / HTTP/1.1" 200 302
::1 - - [14/Sep/2017:23:36:08 -0500] "GET /intercept -> / HTTP/1.1" 200 407
::1 - - [14/Sep/2017:23:36:53 -0500] "GET /intercept -> / HTTP/1.1" 200 350
::1 - - [14/Sep/2017:23:37:27 -0500] "GET /intercept -> / HTTP/1.1" 200 350
::1 - - [14/Sep/2017:23:40:15 -0500] "GET /intercept -> / HTTP/1.1" 200 355
::1 - - [14/Sep/2017:23:40:45 -0500] "GET /intercept -> / HTTP/1.1" 200 334
::1 - - [14/Sep/2017:23:51:11 -0500] "GET /intercept -> / HTTP/1.1" 200 334
::1 - - [14/Sep/2017:23:51:12 -0500] "GET /intercept -> / HTTP/1.1" 200 334
::1 - - [14/Sep/2017:23:51:12 -0500] "GET /intercept -> / HTTP/1.1" 200 334
::1 - - [14/Sep/2017:23:51:13 -0500] "GET /intercept -> / HTTP/1.1" 200 334
::1 - - [14/Sep/2017:23:54:33 -0500] "GET /intercept -> / HTTP/1.1" 200 344
::1 - - [14/Sep/2017:23:55:02 -0500] "GET /intercept -> / HTTP/1.1" 200 71
::1 - - [14/Sep/2017:23:55:58 -0500] "GET /intercept -> / HTTP/1.1" 200 58
::1 - - [14/Sep/2017:23:56:16 -0500] "GET /intercept -> / HTTP/1.1" 200 80
::1 - - [14/Sep/2017:23:56:18 -0500] "GET /intercept -> / HTTP/1.1" 200 80
::1 - - [14/Sep/2017:23:56:43 -0500] "GET /intercept -> / HTTP/1.1" 200 44
::1 - - [14/Sep/2017:23:58:54 -0500] "GET /intercept -> / HTTP/1.1" 200 137
::1 - - [14/Sep/2017:23:59:30 -0500] "GET /intercept -> / HTTP/1.1" 200 326
::1 - - [15/Sep/2017:00:01:09 -0500] "GET /intercept -> / HTTP/1.1" 200 324
::1 - - [15/Sep/2017:00:01:10 -0500] "GET /intercept -> / HTTP/1.1" 200 324
::1 - - [15/Sep/2017:00:01:23 -0500] "GET /intercept -> / HTTP/1.1" 200 324
::1 - - [15/Sep/2017:00:02:00 -0500] "GET /intercept -> / HTTP/1.1" 200 328
::1 - - [15/Sep/2017:00:02:34 -0500] "GET /intercept -> / HTTP/1.1" 200 370
::1 - - [15/Sep/2017:00:02:54 -0500] "GET /intercept -> / HTTP/1.1" 200 326
::1 - - [15/Sep/2017:00:03:25 -0500] "GET /intercept -> / HTTP/1.1" 200 324
::1 - - [15/Sep/2017:00:03:27 -0500] "GET /intercept -> / HTTP/1.1" 200 324
::1 - - [15/Sep/2017:00:03:27 -0500] "GET /intercept -> / HTTP/1.1" 200 324
::1 - - [15/Sep/2017:00:03:50 -0500] "GET /intercept -> / HTTP/1.1" 200 324
::1 - - [15/Sep/2017:00:04:15 -0500] "GET /intercept -> / HTTP/1.1" 200 322
::1 - - [15/Sep/2017:00:04:53 -0500] "GET /intercept -> / HTTP/1.1" 200 322
::1 - - [15/Sep/2017:00:04:54 -0500] "GET /intercept -> / HTTP/1.1" 200 322
::1 - - [15/Sep/2017:01:17:16 -0500] "GET /intercept -> / HTTP/1.1" 200 422
::1 - - [15/Sep/2017:01:17:16 -0500] "GET /intercept -> / HTTP/1.1" 200 422
::1 - - [15/Sep/2017:01:18:00 -0500] "GET /intercept -> / HTTP/1.1" 200 422
::1 - - [15/Sep/2017:01:20:42 -0500] "GET /intercept -> / HTTP/1.1" 200 425
::1 - - [15/Sep/2017:01:21:36 -0500] "GET /intercept -> / HTTP/1.1" 200 429
::1 - - [15/Sep/2017:01:22:04 -0500] "GET /intercept -> / HTTP/1.1" 200 631
::1 - - [15/Sep/2017:01:24:09 -0500] "GET /intercept -> / HTTP/1.1" 200 630
::1 - - [15/Sep/2017:01:24:53 -0500] "GET /intercept -> / HTTP/1.1" 200 651
::1 - - [15/Sep/2017:01:25:53 -0500] "GET /intercept -> / HTTP/1.1" 200 686
::1 - - [15/Sep/2017:01:26:19 -0500] "GET /intercept -> / HTTP/1.1" 200 430
::1 - - [15/Sep/2017:01:26:48 -0500] "GET /intercept -> / HTTP/1.1" 200 429
::1 - - [15/Sep/2017:01:26:49 -0500] "GET /intercept -> / HTTP/1.1" 200 429
::1 - - [15/Sep/2017:01:26:57 -0500] "GET /intercept -> / HTTP/1.1" 200 429
::1 - - [15/Sep/2017:01:27:15 -0500] "GET /intercept -> / HTTP/1.1" 200 435
::1 - - [15/Sep/2017:01:29:22 -0500] "GET /intercept -> / HTTP/1.1" 200 435
::1 - - [15/Sep/2017:01:29:35 -0500] "GET /intercept -> / HTTP/1.1" 200 617
::1 - - [15/Sep/2017:01:31:34 -0500] "GET /intercept -> / HTTP/1.1" 200 71
::1 - - [15/Sep/2017:01:31:58 -0500] "GET /intercept -> / HTTP/1.1" 200 52
::1 - - [15/Sep/2017:01:32:12 -0500] "GET /intercept -> / HTTP/1.1" 200 47
::1 - - [15/Sep/2017:01:32:51 -0500] "GET /intercept -> / HTTP/1.1" 200 47
::1 - - [15/Sep/2017:01:35:22 -0500] "GET /intercept -> / HTTP/1.1" 200 45
::1 - - [15/Sep/2017:01:38:21 -0500] "GET /person -> / HTTP/1.1" 200 306
::1 - - [15/Sep/2017:01:39:45 -0500] "GET /person -> / HTTP/1.1" 200 156
::1 - - [15/Sep/2017:01:39:56 -0500] "GET /person -> / HTTP/1.1" 200 39
::1 - - [15/Sep/2017:01:40:01 -0500] "GET /doggo -> / HTTP/1.1" 200 111618
::1 - - [15/Sep/2017:01:40:58 -0500] "GET /doggo -> / HTTP/1.1" 200 111618
::1 - - [15/Sep/2017:01:41:10 -0500] "GET / -> / HTTP/1.1" 200 37
::1 - - [15/Sep/2017:01:41:14 -0500] "GET /mynameis?name=john -> / HTTP/1.1" 200 34
::1 - - [15/Sep/2017:01:41:20 -0500] "GET /mynameis/john/ -> / HTTP/1.1" 200 34
::1 - - [15/Sep/2017:01:41:25 -0500] "GET /doggo -> / HTTP/1.1" 200 111618
::1 - - [15/Sep/2017:01:41:58 -0500] "GET /doggo -> / HTTP/1.1" 200 111622
::1 - - [15/Sep/2017:01:43:33 -0500] "GET /doggo -> / HTTP/1.1" 200 37
::1 - - [15/Sep/2017:01:43:50 -0500] "GET /doggo -> / HTTP/1.1" 200 40
::1 - - [15/Sep/2017:01:44:02 -0500] "GET /doggo -> / HTTP/1.1" 200 261
::1 - - [15/Sep/2017:01:45:33 -0500] "GET /doggo -> / HTTP/1.1" 200 629
::1 - - [15/Sep/2017:01:45:58 -0500] "GET /doggo -> / HTTP/1.1" 200 611
::1 - - [15/Sep/2017:01:46:09 -0500] "GET /doggo -> / HTTP/1.1" 200 433
::1 - - [15/Sep/2017:01:46:23 -0500] "GET /doggo -> / HTTP/1.1" 200 257
::1 - - [15/Sep/2017:01:46:32 -0500] "GET /doggo -> / HTTP/1.1" 200 111618
::1 - - [15/Sep/2017:01:46:42 -0500] "GET /mynameis/john -> / HTTP/1.1" 200 34
::1 - - [15/Sep/2017:01:46:46 -0500] "GET /person -> / HTTP/1.1" 200 39
::1 - - [15/Sep/2017:01:46:52 -0500] "GET /intercept -> / HTTP/1.1" 200 45
::1 - - [15/Sep/2017:01:47:20 -0500] "GET /intercept -> / HTTP/1.1" 200 45
::1 - - [15/Sep/2017:10:31:56 -0500] "GET /intercept -> / HTTP/1.1" 200 186
::1 - - [15/Sep/2017:10:33:18 -0500] "GET /intercept -> / HTTP/1.1" 200 193
::1 - - [15/Sep/2017:10:33:22 -0500] "GET /intercept -> / HTTP/1.1" 200 193
::1 - - [15/Sep/2017:10:34:17 -0500] "GET /intercept -> / HTTP/1.1" 200 192
::1 - - [15/Sep/2017:10:35:56 -0500] "GET /intercept -> / HTTP/1.1" 200 193
::1 - - [15/Sep/2017:10:35:57 -0500] "GET /intercept -> / HTTP/1.1" 200 193
::1 - - [15/Sep/2017:10:36:42 -0500] "GET /intercept -> / HTTP/1.1" 200 196
::1 - - [15/Sep/2017:10:36:43 -0500] "GET /intercept -> / HTTP/1.1" 200 196
::1 - - [15/Sep/2017:10:36:52 -0500] "GET /intercept -> / HTTP/1.1" 200 196
::1 - - [15/Sep/2017:10:37:21 -0500] "GET /intercept -> / HTTP/1.1" 200 196
::1 - - [15/Sep/2017:10:37:22 -0500] "GET /intercept -> / HTTP/1.1" 200 196
::1 - - [15/Sep/2017:10:37:47 -0500] "GET /intercept -> / HTTP/1.1" 200 230
::1 - - [15/Sep/2017:10:37:58 -0500] "GET /intercept -> / HTTP/1.1" 200 360
::1 - - [15/Sep/2017:10:38:13 -0500] "GET /intercept -> / HTTP/1.1" 200 855
::1 - - [15/Sep/2017:10:38:31 -0500] "GET /intercept -> / HTTP/1.1" 200 189
::1 - - [15/Sep/2017:10:38:38 -0500] "GET /intercept -> / HTTP/1.1" 200 855
::1 - - [15/Sep/2017:10:40:42 -0500] "GET /intercept -> / HTTP/1.1" 200 58
::1 - - [15/Sep/2017:11:44:43 -0500] "GET /intercept -> / HTTP/1.1" 200 232
::1 - - [15/Sep/2017:11:45:48 -0500] "GET /intercept -> / HTTP/1.1" 200 235
::1 - - [15/Sep/2017:11:46:05 -0500] "GET /intercept -> / HTTP/1.1" 200 239
::1 - - [15/Sep/2017:11:46:28 -0500] "GET /intercept -> / HTTP/1.1" 200 45
::1 - - [15/Sep/2017:12:02:06 -0500] "GET /intercept -> / HTTP/1.1" 200 238
::1 - - [15/Sep/2017:12:02:48 -0500] "GET /intercept -> / HTTP/1.1" 200 238
::1 - - [15/Sep/2017:12:02:49 -0500] "GET /intercept -> / HTTP/1.1" 200 238
::1 - - [15/Sep/2017:12:03:17 -0500] "GET /intercept -> / HTTP/1.1" 200 243
::1 - - [15/Sep/2017:12:04:07 -0500] "GET /intercept -> / HTTP/1.1" 200 215
::1 - - [15/Sep/2017:12:04:31 -0500] "GET /intercept -> / HTTP/1.1" 200 247
::1 - - [15/Sep/2017:12:04:50 -0500] "GET /intercept -> / HTTP/1.1" 200 45
::1 - - [15/Sep/2017:12:05:31 -0500] "GET /intercept -> / HTTP/1.1" 200 45
::1 - - [15/Sep/2017:12:05:34 -0500] "GET / -> / HTTP/1.1" 200 37
::1 - - [15/Sep/2017:12:09:53 -0500] "GET /view -> / HTTP/1.1" 200 381
::1 - - [15/Sep/2017:12:10:22 -0500] "GET /view?name=%22john%22 -> / HTTP/1.1" 200 403
::1 - - [15/Sep/2017:12:10:39 -0500] "GET /view?name=%22john%22 -> / HTTP/1.1" 200 486
::1 - - [15/Sep/2017:12:10:52 -0500] "GET /view?name=%22john%22 -> / HTTP/1.1" 200 179
::1 - - [15/Sep/2017:12:12:06 -0500] "GET /view?name=%22john%22 -> / HTTP/1.1" 200 43
::1 - - [15/Sep/2017:12:12:36 -0500] "GET /view?name=john -> / HTTP/1.1" 200 35
::1 - - [15/Sep/2017:17:48:09 -0500] "GET /intercept -> / HTTP/1.1" 200 377
::1 - - [15/Sep/2017:17:48:34 -0500] "GET /intercept -> / HTTP/1.1" 200 384
::1 - - [15/Sep/2017:20:01:03 -0500] "GET /upload -> / HTTP/1.1" 200 352
::1 - - [15/Sep/2017:20:01:46 -0500] "GET /upload -> / HTTP/1.1" 200 352
::1 - - [15/Sep/2017:20:01:54 -0500] "GET /upload -> / HTTP/1.1" 200 352
::1 - - [15/Sep/2017:20:02:17 -0500] "GET /upload -> / HTTP/1.1" 200 26
::1 - - [15/Sep/2017:20:04:20 -0500] "GET /upload -> / HTTP/1.1" 404 23
::1 - - [15/Sep/2017:20:04:59 -0500] "POST /upload -> / HTTP/1.1" 200 44
::1 - - [15/Sep/2017:20:05:06 -0500] "POST /upload -> / HTTP/1.1" 200 44
::1 - - [15/Sep/2017:20:07:46 -0500] "POST /upload -> / HTTP/1.1" 200 26
::1 - - [15/Sep/2017:20:08:21 -0500] "POST /upload -> / HTTP/1.1" 200 26
::1 - - [15/Sep/2017:20:09:18 -0500] "POST /upload -> / HTTP/1.1" 200 26
::1 - - [15/Sep/2017:20:09:38 -0500] "POST /upload -> / HTTP/1.1" 200 27
::1 - - [15/Sep/2017:20:09:54 -0500] "POST /upload -> / HTTP/1.1" 200 40
::1 - - [15/Sep/2017:20:10:07 -0500] "POST /upload -> / HTTP/1.1" 200 40
::1 - - [15/Sep/2017:20:10:30 -0500] "POST /upload -> / HTTP/1.1" 200 200
::1 - - [15/Sep/2017:20:12:42 -0500] "POST /upload -> / HTTP/1.1" 200 429
::1 - - [15/Sep/2017:20:13:39 -0500] "POST /upload -> / HTTP/1.1" 200 227
::1 - - [15/Sep/2017:20:13:51 -0500] "POST /upload -> / HTTP/1.1" 200 521
::1 - - [15/Sep/2017:20:16:56 -0500] "POST /upload -> / HTTP/1.1" 200 190
::1 - - [15/Sep/2017:20:21:49 -0500] "POST /upload -> / HTTP/1.1" 200 205
::1 - - [15/Sep/2017:20:24:24 -0500] "POST /upload -> / HTTP/1.1" 200 190
::1 - - [15/Sep/2017:20:29:11 -0500] "POST /upload -> / HTTP/1.1" 200 190
::1 - - [15/Sep/2017:20:29:19 -0500] "POST /upload -> / HTTP/1.1" 200 190
::1 - - [15/Sep/2017:20:29:23 -0500] "POST /upload -> / HTTP/1.1" 200 190
::1 - - [15/Sep/2017:20:31:45 -0500] "POST /upload -> / HTTP/1.1" 200 240
::1 - - [15/Sep/2017:20:34:54 -0500] "POST /upload -> / HTTP/1.1" 200 202
::1 - - [15/Sep/2017:20:35:03 -0500] "POST /upload -> / HTTP/1.1" 200 242
::1 - - [15/Sep/2017:20:37:08 -0500] "POST /upload -> / HTTP/1.1" 200 242
::1 - - [15/Sep/2017:20:42:01 -0500] "POST /upload -> / HTTP/1.1" 200 317
::1 - - [15/Sep/2017:20:42:15 -0500] "POST /upload -> / HTTP/1.1" 200 314
::1 - - [15/Sep/2017:20:42:46 -0500] "POST /upload -> / HTTP/1.1" 200 313
::1 - - [15/Sep/2017:20:43:01 -0500] "POST /upload -> / HTTP/1.1" 200 315
::1 - - [15/Sep/2017:20:43:36 -0500] "POST /upload -> / HTTP/1.1" 200 313
::1 - - [15/Sep/2017:20:44:11 -0500] "POST /upload -> / HTTP/1.1" 200 181
::1 - - [15/Sep/2017:20:45:53 -0500] "POST /upload -> / HTTP/1.1" 200 314
::1 - - [15/Sep/2017:20:50:29 -0500] "POST /upload -> / HTTP/1.1" 200 276
::1 - - [15/Sep/2017:20:50:50 -0500] "POST /upload -> / HTTP/1.1" 200 280
::1 - - [15/Sep/2017:20:50:51 -0500] "POST /upload -> / HTTP/1.1" 200 280
::1 - - [15/Sep/2017:20:51:16 -0500] "POST /upload -> / HTTP/1.1" 200 299
::1 - - [15/Sep/2017:21:06:53 -0500] "POST /upload -> / HTTP/1.1" 200 358
::1 - - [15/Sep/2017:21:06:55 -0500] "POST /upload -> / HTTP/1.1" 200 358
::1 - - [15/Sep/2017:21:07:06 -0500] "POST /upload -> / HTTP/1.1" 200 278
::1 - - [15/Sep/2017:21:07:27 -0500] "POST /upload -> / HTTP/1.1" 200 378
::1 - - [15/Sep/2017:21:08:20 -0500] "POST /upload -> / HTTP/1.1" 200 245
::1 - - [15/Sep/2017:21:08:43 -0500] "POST /upload -> / HTTP/1.1" 200 191
::1 - - [15/Sep/2017:21:10:15 -0500] "POST /upload -> / HTTP/1.1" 200 355
::1 - - [15/Sep/2017:21:10:59 -0500] "POST /upload -> / HTTP/1.1" 200 273
::1 - - [15/Sep/2017:21:11:59 -0500] "POST /upload -> / HTTP/1.1" 200 274
::1 - - [15/Sep/2017:21:12:57 -0500] "POST /upload -> / HTTP/1.1" 200 274
::1 - - [15/Sep/2017:21:13:57 -0500] "POST /upload -> / HTTP/1.1" 200 275
::1 - - [15/Sep/2017:21:14:10 -0500] "POST /upload -> / HTTP/1.1" 200 272
::1 - - [15/Sep/2017:21:14:10 -0500] "POST /upload -> / HTTP/1.1" 200 273
::1 - - [15/Sep/2017:21:14:13 -0500] "POST /upload -> / HTTP/1.1" 200 274
::1 - - [15/Sep/2017:21:15:08 -0500] "POST /upload -> / HTTP/1.1" 200 273
::1 - - [15/Sep/2017:21:15:14 -0500] "POST /upload -> / HTTP/1.1" 200 273
::1 - - [15/Sep/2017:21:15:48 -0500] "POST /upload -> / HTTP/1.1" 200 274
::1 - - [15/Sep/2017:21:15:49 -0500] "POST /upload -> / HTTP/1.1" 200 273
::1 - - [15/Sep/2017:21:20:52 -0500] "POST /upload -> / HTTP/1.1" 200 177
::1 - - [15/Sep/2017:21:21:14 -0500] "POST /upload -> / HTTP/1.1" 200 302
::1 - - [15/Sep/2017:21:21:36 -0500] "POST /upload -> / HTTP/1.1" 200 301
::1 - - [15/Sep/2017:21:24:48 -0500] "POST /upload -> / HTTP/1.1" 200 315
::1 - - [15/Sep/2017:21:25:22 -0500] "POST /upload -> / HTTP/1.1" 200 313
::1 - - [15/Sep/2017:21:25:48 -0500] "POST /upload -> / HTTP/1.1" 200 315
::1 - - [15/Sep/2017:21:25:50 -0500] "POST /upload -> / HTTP/1.1" 200 313
::1 - - [15/Sep/2017:21:26:21 -0500] "POST /upload -> / HTTP/1.1" 200 356
::1 - - [15/Sep/2017:21:26:29 -0500] "POST /upload -> / HTTP/1.1" 200 319
::1 - - [15/Sep/2017:21:27:16 -0500] "POST /upload -> / HTTP/1.1" 200 319
::1 - - [15/Sep/2017:21:27:17 -0500] "POST /upload -> / HTTP/1.1" 200 318
::1 - - [15/Sep/2017:21:27:18 -0500] "POST /upload -> / HTTP/1.1" 200 319
::1 - - [15/Sep/2017:21:27:36 -0500] "POST /upload -> / HTTP/1.1" 200 232
::1 - - [15/Sep/2017:21:32:36 -0500] "POST /upload -> / HTTP/1.1" 200 324
::1 - - [15/Sep/2017:21:35:57 -0500] "POST /upload -> / HTTP/1.1" 200 243
::1 - - [15/Sep/2017:21:36:49 -0500] "POST /upload -> / HTTP/1.1" 200 296
::1 - - [15/Sep/2017:21:40:38 -0500] "POST /upload -> / HTTP/1.1" 200 359
::1 - - [15/Sep/2017:21:50:30 -0500] "POST /upload -> / HTTP/1.1" 200 230
::1 - - [15/Sep/2017:21:52:05 -0500] "POST /upload -> / HTTP/1.1" 200 233
::1 - - [15/Sep/2017:21:52:28 -0500] "POST /upload -> / HTTP/1.1" 200 239
::1 - - [15/Sep/2017:21:52:51 -0500] "POST /upload -> / HTTP/1.1" 200 239
::1 - - [15/Sep/2017:21:53:16 -0500] "POST /upload -> / HTTP/1.1" 200 328
::1 - - [15/Sep/2017:21:53:55 -0500] "POST /upload -> / HTTP/1.1" 200 231
::1 - - [15/Sep/2017:21:54:16 -0500] "POST /upload -> / HTTP/1.1" 200 341
::1 - - [15/Sep/2017:21:54:35 -0500] "POST /upload -> / HTTP/1.1" 200 334
::1 - - [15/Sep/2017:21:54:58 -0500] "POST /upload -> / HTTP/1.1" 200 373
::1 - - [15/Sep/2017:21:56:35 -0500] "POST /upload -> / HTTP/1.1" 200 371
::1 - - [15/Sep/2017:21:58:51 -0500] "POST /upload -> / HTTP/1.1" 200 319
::1 - - [15/Sep/2017:21:59:14 -0500] "POST /upload -> / HTTP/1.1" 200 367
::1 - - [15/Sep/2017:21:59:34 -0500] "POST /upload -> / HTTP/1.1" 200 339
::1 - - [15/Sep/2017:21:59:56 -0500] "POST /upload -> / HTTP/1.1" 200 273
::1 - - [15/Sep/2017:22:00:02 -0500] "POST /upload -> / HTTP/1.1" 200 431
::1 - - [15/Sep/2017:22:00:31 -0500] "POST /upload -> / HTTP/1.1" 200 431
::1 - - [15/Sep/2017:22:01:04 -0500] "POST /upload -> / HTTP/1.1" 200 467
::1 - - [15/Sep/2017:22:01:54 -0500] "POST /upload -> / HTTP/1.1" 200 467
::1 - - [15/Sep/2017:22:02:12 -0500] "POST /upload -> / HTTP/1.1" 200 476
::1 - - [15/Sep/2017:22:03:14 -0500] "POST /upload -> / HTTP/1.1" 200 476
::1 - - [15/Sep/2017:22:03:28 -0500] "POST /upload -> / HTTP/1.1" 200 429
::1 - - [15/Sep/2017:22:03:44 -0500] "POST /upload -> / HTTP/1.1" 200 476
::1 - - [15/Sep/2017:22:04:39 -0500] "POST /upload -> / HTTP/1.1" 200 37
::1 - - [15/Sep/2017:22:04:55 -0500] "POST /upload -> / HTTP/1.1" 200 430
::1 - - [15/Sep/2017:22:05:00 -0500] "POST /upload -> / HTTP/1.1" 200 350
::1 - - [15/Sep/2017:22:05:15 -0500] "POST /upload -> / HTTP/1.1" 200 273
::1 - - [15/Sep/2017:22:05:19 -0500] "POST /upload -> / HTTP/1.1" 200 299
::1 - - [15/Sep/2017:22:05:26 -0500] "GET /mynameis/john -> / HTTP/1.1" 200 34
::1 - - [15/Sep/2017:22:05:30 -0500] "GET /mynameis?name=john -> / HTTP/1.1" 200 34
::1 - - [15/Sep/2017:22:05:33 -0500] "GET /person -> / HTTP/1.1" 200 39
::1 - - [15/Sep/2017:22:05:37 -0500] "GET /doggo -> / HTTP/1.1" 200 266
::1 - - [15/Sep/2017:22:06:39 -0500] "GET /doggo -> / HTTP/1.1" 200 266
::1 - - [15/Sep/2017:22:07:47 -0500] "GET /doggo -> / HTTP/1.1" 200 369
::1 - - [15/Sep/2017:22:08:27 -0500] "GET /person -> / HTTP/1.1" 200 40
::1 - - [15/Sep/2017:22:08:30 -0500] "GET /doggo -> / HTTP/1.1" 200 369
::1 - - [15/Sep/2017:22:09:04 -0500] "GET /doggo -> / HTTP/1.1" 200 369
::1 - - [15/Sep/2017:22:09:16 -0500] "GET /doggo -> / HTTP/1.1" 200 370
::1 - - [15/Sep/2017:22:09:30 -0500] "GET /person -> / HTTP/1.1" 200 41
::1 - - [15/Sep/2017:22:09:34 -0500] "GET /doggo -> / HTTP/1.1" 200 370
::1 - - [15/Sep/2017:22:12:06 -0500] "GET /doggo -> / HTTP/1.1" 200 409
::1 - - [15/Sep/2017:22:12:18 -0500] "GET /doggo -> / HTTP/1.1" 200 370
::1 - - [15/Sep/2017:22:12:30 -0500] "GET /doggo -> / HTTP/1.1" 200 266
::1 - - [15/Sep/2017:22:12:57 -0500] "GET /doggo -> / HTTP/1.1" 200 26
::1 - - [15/Sep/2017:22:13:10 -0500] "GET /doggo -> / HTTP/1.1" 200 190
::1 - - [15/Sep/2017:22:13:28 -0500] "GET /doggo -> / HTTP/1.1" 200 193
::1 - - [15/Sep/2017:22:13:42 -0500] "GET /doggo -> / HTTP/1.1" 200 111804
::1 - - [15/Sep/2017:22:15:01 -0500] "GET /doggo -> / HTTP/1.1" 200 111618
::1 - - [15/Sep/2017:22:15:08 -0500] "GET / -> / HTTP/1.1" 200 37
::1 - - [15/Sep/2017:22:15:13 -0500] "GET /mynameis?name=john -> / HTTP/1.1" 200 34
::1 - - [15/Sep/2017:22:15:16 -0500] "GET /mynameis/john -> / HTTP/1.1" 200 34
::1 - - [15/Sep/2017:22:15:21 -0500] "GET /mynameis/john/8 -> / HTTP/1.1" 404 23
::1 - - [15/Sep/2017:22:15:27 -0500] "GET /person -> / HTTP/1.1" 200 39
::1 - - [15/Sep/2017:22:15:30 -0500] "GET /view -> / HTTP/1.1" 200 385
::1 - - [15/Sep/2017:22:15:42 -0500] "GET /view?name=%22john%22 -> / HTTP/1.1" 200 43
::1 - - [15/Sep/2017:22:15:46 -0500] "GET /intercept -> / HTTP/1.1" 200 388
::1 - - [15/Sep/2017:22:15:55 -0500] "GET /intercept?year=404 -> / HTTP/1.1" 200 45
::1 - - [15/Sep/2017:22:16:06 -0500] "GET /upload -> / HTTP/1.1" 404 23
::1 - - [15/Sep/2017:22:16:12 -0500] "POST /upload -> / HTTP/1.1" 200 274
::1 - - [15/Sep/2017:23:18:54 -0500] "GET / -> / HTTP/1.1" 200 295
::1 - - [15/Sep/2017:23:20:09 -0500] "GET / -> / HTTP/1.1" 200 279
::1 - - [15/Sep/2017:23:20:30 -0500] "GET / -> / HTTP/1.1" 200 37
::1 - - [15/Sep/2017:23:21:12 -0500] "GET / -> / HTTP/1.1" 200 37
::1 - - [15/Sep/2017:23:22:08 -0500] "GET / -> / HTTP/1.1" 200 37
::1 - - [15/Sep/2017:23:22:31 -0500] "GET / -> / HTTP/1.1" 200 37
::1 - - [15/Sep/2017:23:22:42 -0500] "GET / -> / HTTP/1.1" 200 37
::1 - - [15/Sep/2017:23:22:43 -0500] "GET / -> / HTTP/1.1" 200 37
::1 - - [15/Sep/2017:23:22:44 -0500] "GET / -> / HTTP/1.1" 200 37
::1 - - [15/Sep/2017:23:22:44 -0500] "GET / -> / HTTP/1.1" 200 37
::1 - - [15/Sep/2017:23:24:50 -0500] "GET / -> / HTTP/1.1" 200 37
::1 - - [15/Sep/2017:23:25:31 -0500] "GET / -> / HTTP/1.1" 200 37
::1 - - [16/Sep/2017:05:46:54 -0500] "GET / -> / HTTP/1.1" 200 37
::1 - - [16/Sep/2017:05:46:54 -0500] "GET /favicon.ico -> /assets/favicon.ico HTTP/1.1" 404 14
::1 - - [16/Sep/2017:06:03:15 -0500] "GET / -> / HTTP/2.0" 200 37
::1 - - [16/Sep/2017:06:03:15 -0500] "GET /favicon.ico -> /assets/favicon.ico HTTP/2.0" 404 14
::1 - - [16/Sep/2017:06:04:55 -0500] "GET / -> / HTTP/2.0" 200 37
::1 - - [16/Sep/2017:06:05:20 -0500] "GET / -> / HTTP/2.0" 200 37
::1 - - [16/Sep/2017:06:05:21 -0500] "GET / -> / HTTP/2.0" 200 37
::1 - - [16/Sep/2017:06:05:43 -0500] "GET / -> / HTTP/2.0" 200 37
::1 - - [16/Sep/2017:06:06:35 -0500] "GET / -> / HTTP/2.0" 200 37
::1 - - [16/Sep/2017:06:06:48 -0500] "GET / -> / HTTP/2.0" 200 37
::1 - - [16/Sep/2017:06:07:02 -0500] "GET / -> / HTTP/2.0" 200 37
::1 - - [16/Sep/2017:06:07:12 -0500] "GET / -> / HTTP/2.0" 200 37
::1 - - [16/Sep/2017:06:07:31 -0500] "GET / -> / HTTP/2.0" 200 37
::1 - - [16/Sep/2017:06:08:46 -0500] "GET / -> / HTTP/2.0" 200 37
::1 - - [16/Sep/2017:06:08:54 -0500] "GET / -> / HTTP/2.0" 200 37
::1 - - [16/Sep/2017:06:10:15 -0500] "GET / -> / HTTP/2.0" 200 37
::1 - - [16/Sep/2017:06:10:31 -0500] "GET / -> / HTTP/2.0" 200 37
::1 - - [16/Sep/2017:06:14:19 -0500] "GET / -> / HTTP/2.0" 200 37
::1 - - [16/Sep/2017:06:19:08 -0500] "GET / -> / HTTP/2.0" 200 37
::1 - - [16/Sep/2017:06:22:42 -0500] "GET / -> / HTTP/2.0" 200 37
::1 - - [16/Sep/2017:06:30:02 -0500] "GET / -> / HTTP/2.0" 200 37
::1 - - [16/Sep/2017:06:32:40 -0500] "GET / -> / HTTP/2.0" 200 37
::1 - - [16/Sep/2017:06:32:40 -0500] "GET /favicon.ico -> /assets/favicon.ico HTTP/2.0" 404 14
::1 - - [16/Sep/2017:06:38:51 -0500] "GET / -> / HTTP/2.0" 200 37
::1 - - [16/Sep/2017:06:39:22 -0500] "GET / -> / HTTP/1.1" 200 37
::1 - - [16/Sep/2017:06:39:22 -0500] "GET /favicon.ico -> /assets/favicon.ico HTTP/1.1" 404 14
::1 - - [16/Sep/2017:06:39:46 -0500] "GET / -> / HTTP/2.0" 200 37
::1 - - [16/Sep/2017:06:39:54 -0500] "GET / -> / HTTP/2.0" 200 37
::1 - - [16/Sep/2017:06:40:16 -0500] "GET / -> / HTTP/2.0" 200 37
::1 - - [16/Sep/2017:06:40:36 -0500] "GET / -> / HTTP/1.1" 200 37
127.0.0.1 - - [16/Sep/2017:06:42:59 -0500] "GET / -> / HTTP/1.1" 200 37
127.0.0.1 - - [16/Sep/2017:06:42:59 -0500] "GET /favicon.ico -> /assets/favicon.ico HTTP/1.1" 404 14
127.0.0.1 - - [16/Sep/2017:06:42:59 -0500] "GET /favicon.ico -> /assets/favicon.ico HTTP/1.1" 404 14
127.0.0.1 - - [16/Sep/2017:06:49:17 -0500] "GET / -> / HTTP/2.0" 200 37
127.0.0.1 - - [16/Sep/2017:06:49:17 -0500] "GET /favicon.ico -> /assets/favicon.ico HTTP/2.0" 404 14
127.0.0.1 - - [16/Sep/2017:06:49:17 -0500] "GET /favicon.ico -> /assets/favicon.ico HTTP/2.0" 404 14
127.0.0.1 - - [16/Sep/2017:06:49:36 -0500] "GET / -> / HTTP/2.0" 200 37
127.0.0.1 - - [16/Sep/2017:06:49:53 -0500] "GET / -> / HTTP/2.0" 200 37
::1 - - [16/Sep/2017:06:51:35 -0500] "GET / -> / HTTP/2.0" 200 37
::1 - - [16/Sep/2017:06:52:58 -0500] "GET / -> / HTTP/2.0" 200 37
::1 - - [17/Sep/2017:16:20:01 -0500] "GET / -> / HTTP/2.0" 200 37
::1 - - [17/Sep/2017:16:20:02 -0500] "GET /favicon.ico -> /assets/favicon.ico HTTP/2.0" 404 14
::1 - - [17/Sep/2017:16:20:09 -0500] "GET /intercept?year=4 -> / HTTP/2.0" 200 45
::1 - - [17/Sep/2017:16:20:21 -0500] "GET /intercept?year=4 -> / HTTP/2.0" 200 45
::1 - - [17/Sep/2017:16:20:23 -0500] "GET /intercept?year=4 -> / HTTP/2.0" 200 45
::1 - - [17/Sep/2017:16:21:05 -0500] "GET /view -> / HTTP/2.0" 200 385
::1 - - [17/Sep/2017:16:21:14 -0500] "GET /view?name=%22john? -> / HTTP/2.0" 200 42
::1 - - [17/Sep/2017:16:21:54 -0500] "GET /view -> / HTTP/2.0" 200 385
::1 - - [17/Sep/2017:16:23:10 -0500] "GET /lsfjkfsj -> / HTTP/2.0" 404 23
::1 - - [17/Sep/2017:16:48:01 -0500] "GET /images/dog.jpg -> /assets/images/dog.jpg HTTP/2.0" 200 112531
::1 - - [17/Sep/2017:21:33:25 -0500] "GET /view -> / HTTP/2.0" 500 23
::1 - - [17/Sep/2017:21:33:32 -0500] "GET /view -> / HTTP/2.0" 500 23
