[    0.000000] Initializing cgroup subsys cpuset
[    0.000000] Initializing cgroup subsys cpu
[    0.000000] Initializing cgroup subsys cpuacct
[    0.000000] Linux version 4.4.0-53-generic (buildd@lcy01-28) (gcc version 5.4.0 20160609 (Ubuntu 5.4.0-6ubuntu1~16.04.4) ) #74-Ubuntu SMP Fri Dec 2 15:59:10 UTC 2016 (Ubuntu 4.4.0-53.74-generic 4.4.30)
[    0.000000] Command line: BOOT_IMAGE=/boot/vmlinuz-4.4.0-53-generic root=LABEL=cloudimg-rootfs ro console=tty1 console=ttyS0
[    0.000000] KERNEL supported cpus:
[    0.000000]   Intel GenuineIntel
[    0.000000]   AMD AuthenticAMD
[    0.000000]   Centaur CentaurHauls
[    0.000000] x86/fpu: xstate_offset[2]:  576, xstate_sizes[2]:  256
[    0.000000] x86/fpu: Supporting XSAVE feature 0x01: 'x87 floating point registers'
[    0.000000] x86/fpu: Supporting XSAVE feature 0x02: 'SSE registers'
[    0.000000] x86/fpu: Supporting XSAVE feature 0x04: 'AVX registers'
[    0.000000] x86/fpu: Enabled xstate features 0x7, context size is 832 bytes, using 'standard' format.
[    0.000000] x86/fpu: Using 'lazy' FPU context switches.
[    0.000000] e820: BIOS-provided physical RAM map:
[    0.000000] BIOS-e820: [mem 0x0000000000000000-0x000000000009fbff] usable
[    0.000000] BIOS-e820: [mem 0x000000000009fc00-0x000000000009ffff] reserved
[    0.000000] BIOS-e820: [mem 0x00000000000f0000-0x00000000000fffff] reserved
[    0.000000] BIOS-e820: [mem 0x0000000000100000-0x000000003ffeffff] usable
[    0.000000] BIOS-e820: [mem 0x000000003fff0000-0x000000003fffffff] ACPI data
[    0.000000] BIOS-e820: [mem 0x00000000fffc0000-0x00000000ffffffff] reserved
[    0.000000] NX (Execute Disable) protection: active
[    0.000000] SMBIOS 2.5 present.
[    0.000000] Hypervisor detected: KVM
[    0.000000] e820: last_pfn = 0x3fff0 max_arch_pfn = 0x400000000
[    0.000000] MTRR: Disabled
[    0.000000] x86/PAT: MTRRs disabled, skipping PAT initialization too.
[    0.000000] x86/PAT: Configuration [0-7]: WB  WT  UC- UC  WB  WT  UC- UC  
[    0.000000] CPU MTRRs all blank - virtualized system.
[    0.000000] found SMP MP-table at [mem 0x0009fff0-0x0009ffff] mapped at [ffff88000009fff0]
[    0.000000] Scanning 1 areas for low memory corruption
[    0.000000] RAMDISK: [mem 0x36f58000-0x377a3fff]
[    0.000000] ACPI: Early table checksum verification disabled
[    0.000000] ACPI: RSDP 0x00000000000E0000 000024 (v02 VBOX  )
[    0.000000] ACPI: XSDT 0x000000003FFF0030 00003C (v01 VBOX   VBOXXSDT 00000001 ASL  00000061)
[    0.000000] ACPI: FACP 0x000000003FFF00F0 0000F4 (v04 VBOX   VBOXFACP 00000001 ASL  00000061)
[    0.000000] ACPI: DSDT 0x000000003FFF0470 002118 (v01 VBOX   VBOXBIOS 00000002 INTL 20160108)
[    0.000000] ACPI: FACS 0x000000003FFF0200 000040
[    0.000000] ACPI: FACS 0x000000003FFF0200 000040
[    0.000000] ACPI: APIC 0x000000003FFF0240 00005C (v02 VBOX   VBOXAPIC 00000001 ASL  00000061)
[    0.000000] ACPI: SSDT 0x000000003FFF02A0 0001CC (v01 VBOX   VBOXCPUT 00000002 INTL 20160108)
[    0.000000] No NUMA configuration found
[    0.000000] Faking a node at [mem 0x0000000000000000-0x000000003ffeffff]
[    0.000000] NODE_DATA(0) allocated [mem 0x3ffeb000-0x3ffeffff]
[    0.000000] kvm-clock: Using msrs 4b564d01 and 4b564d00
[    0.000000] kvm-clock: cpu 0, msr 0:3ffe7001, primary cpu clock
[    0.000000] kvm-clock: using sched offset of 3266649356 cycles
[    0.000000] clocksource: kvm-clock: mask: 0xffffffffffffffff max_cycles: 0x1cd42e4dffb, max_idle_ns: 881590591483 ns
[    0.000000] Zone ranges:
[    0.000000]   DMA      [mem 0x0000000000001000-0x0000000000ffffff]
[    0.000000]   DMA32    [mem 0x0000000001000000-0x000000003ffeffff]
[    0.000000]   Normal   empty
[    0.000000]   Device   empty
[    0.000000] Movable zone start for each node
[    0.000000] Early memory node ranges
[    0.000000]   node   0: [mem 0x0000000000001000-0x000000000009efff]
[    0.000000]   node   0: [mem 0x0000000000100000-0x000000003ffeffff]
[    0.000000] Initmem setup node 0 [mem 0x0000000000001000-0x000000003ffeffff]
[    0.000000] ACPI: PM-Timer IO Port: 0x4008
[    0.000000] IOAPIC[0]: apic_id 2, version 17, address 0xfec00000, GSI 0-23
[    0.000000] ACPI: INT_SRC_OVR (bus 0 bus_irq 0 global_irq 2 dfl dfl)
[    0.000000] ACPI: INT_SRC_OVR (bus 0 bus_irq 9 global_irq 9 high level)
[    0.000000] Using ACPI (MADT) for SMP configuration information
[    0.000000] smpboot: Allowing 2 CPUs, 0 hotplug CPUs
[    0.000000] PM: Registered nosave memory: [mem 0x00000000-0x00000fff]
[    0.000000] PM: Registered nosave memory: [mem 0x0009f000-0x0009ffff]
[    0.000000] PM: Registered nosave memory: [mem 0x000a0000-0x000effff]
[    0.000000] PM: Registered nosave memory: [mem 0x000f0000-0x000fffff]
[    0.000000] e820: [mem 0x40000000-0xfffbffff] available for PCI devices
[    0.000000] Booting paravirtualized kernel on KVM
[    0.000000] clocksource: refined-jiffies: mask: 0xffffffff max_cycles: 0xffffffff, max_idle_ns: 7645519600211568 ns
[    0.000000] setup_percpu: NR_CPUS:256 nr_cpumask_bits:256 nr_cpu_ids:2 nr_node_ids:1
[    0.000000] PERCPU: Embedded 33 pages/cpu @ffff88003fc00000 s98008 r8192 d28968 u1048576
[    0.000000] PV qspinlock hash table entries: 256 (order: 0, 4096 bytes)
[    0.000000] Built 1 zonelists in Node order, mobility grouping on.  Total pages: 257913
[    0.000000] Policy zone: DMA32
[    0.000000] Kernel command line: BOOT_IMAGE=/boot/vmlinuz-4.4.0-53-generc oot=LABL=lodig-rootfs ro console=tty1 console=ttyS0
[    0.000000] PID hash table entries: 4096 (order: 3, 32768 bytes)
[    0.000000] Memory: 1004136K/1048120K available (8427K kernel code, 1285K rwdata, 3956K rodata, 1480K init, 1292K bss, 43984K reserved, 0K cma-reserved)
[    0.000000] SLUB: HWalign=64, Order=0-3, MinObjects=0, CPUs=2, Nodes=1
[    0.000000] Hierarchical RCU implementation.
[    0.000000] 	Build-time adjustme o leaf fanout to 64.
[    0.000000] 	RCU restricting CPUs from NR_CPUS=256 to nr_cpu_ids=2.
[    0.000000] RCU: Adjusting geometry for rcu_fanout_leaf=64, nr_cpu_ids=2
[    0.000000] NR_IRQS:16640 nr_irqs:440 16
[    0.000000] Console: colour VGA+ 80x25
[    0.000000] console [tty1] enabled
[    0.000000] console [ttyS0] enabled
[    0.000000] tsc: Detected 2494.294 MHz processor
[    0.252435] Calibrating delay loop (skipped) preset value.. 4988.58 BogoMIPS (lpj=9977176)
[    0.253607] pid_max: default: 32768 minimum: 301
[    0.254266] ACPI: Core revision 20150930
[    0.255742] ACPI: 2 ACPI AML tables successfully acquired and loaded
[    0.256685] Security Framework initialized
[    0.257286] Yama: becoming mindful.
[    0.257881] AppArmor: AppArmor initialized
[  0269060] Dentry cache hash table entries: 131072 (order: 8, 1048576 bytes)
[    0.348682] Inode-cache hash table entries: 65536 (order: 7, 524288 bytes)
[    0.438379] Mount-cache hash table entries: 2048 (order: 2, 16384 bytes)
[    0.522426] Mountpoint-cache hash table entries: 2048 (order: 2, 16384 bytes)
[    0.676825] Initializing cgroup subsys io
[    0.726233] Initializing cgroup subsys memory
[    0.727228] Initializing cgroup subsys devices
[    0.778732] Initializing cgroup subsys freezer
[    0.891541] Initializing cgroup subsys net_cls
[    0.920192] Initializing cgroup subsys perf_event
[    1.034865] Initializing cgroup subsys net_prio
[    1.137242] Initializing cgroup subsys hugetlb
[    1.186149] Initializing cgroup subsys pids
[    1.218707] CPU: Physical Processor ID: 0
[    1.244104] CPU: Processor Core ID: 0
[    1.245610] mce: CPU supports 0 MCE banks
[    1.246257] Last level iTLB entries: 4KB 1024, 2MB 1024, 4MB 1024
[    1.247019] Last level dTLB entries: 4KB 1024, 2MB 1024, 4MB 1024, 1GB 4
[    1.249431] Freeing SMP alternatives memory: 32K (ffffffff820b5000 - ffffffff820bd000)
[    1.306749] ftrace: allocating 32053 entries in 126 pages
[    1.453251] smpboot: Max logical packages: 1
[    1.573562] smpboot: APIC(0) Converting physical 0 to logical package 0
[    1.591482] ..TIMER: vector=0x30 apic1=0 pin1=2 apic2=-1 pin2=-1
[    1.756007] smpboot: CPU0: Intel(R) Core(TM) i7-4710HQ CPU @ 2.50GHz (family: 0x6, model: 0x3c, stepping: 0x3)
[    1.839791] Performance Events: unsupported p6 CPU model 60 no PMU driver, software events only.
[    1.880655] KVM setup paravirtual spinlock
[    1.881964] x86: Booting SMP configuration:
[    1.936249] .... node  #0, CPUs:      #1
    22.076626] kvm-clock: cpu 1, msr 0:3ffe7041, secondary cpu clock
[    2.270353] mce: CPU supports 0 MCE banks
[    2.286093] x86: Booted up 1 node, 2 CPUs
[    2.290152] smpboot: Total of 2 processors activated (9977.17 BogoMIPS)
[    2.361424] devtmpfs: initialized
[    2.387460] evm: security.selinux
[    2.416393] evm: security.SMACK64
[    2.442422] evm: security.SMACK64EXEC
[    2.475579] evm: security.SMACK64TRANSMUTE
[    2.537445] evm: security.SMACK64MMAP
[    2.549578] evm: security.ima
[    2.550082] evm: security.capability
[    2.550866] clocksource: jiffies: mask: 0xffffffff max_cycles: 0xffffffff, max_idle_ns: 7645041785100000 ns
[    2.552238] pinctrl core: initialized pinctrl subsystem
[    2.553011] RTC time:  4:46:03, date: 12/11/16
[    2.554211] NET: Registered protocol family 16
[    2.563857] cpuidle: using governor ladder
[    2.580042] cpuidle: using governor menu
[    2.646472] PCCT header not found.
[    2.726516] ACPI: bus type PCI registered
[    2.732415] acpiphp: ACPI Hot Plug PCI Controller Driver version: 0.5
[    2.748766] PCI: Using configuration type 1 for base access
[    2.760924] ACPI: Added _OSI(Module Device)
[    2.808120] ACPI: Added _OSI(Processor Device)
[    2.808795] ACPI: Added _OSI(3.0 _SCP Extensions)
[    2.809509] ACPI: Added _OSI(Processor Aggregator Device)
[    2.810879] ACPI: Executed 1 blocks of module-level executable AML code
[    2.813500] ACPI: Interpreter enabled
[    2.814124] ACPI: (supports S0 S5)
[    2.814749] ACPI: Using IOAPIC for interrupt routing
[    2.815626] PCI: Using host bridge windows from ACPI; if necessary, use "pci=nocrs" and report a bug
[    2.819806] ACPI: PCI Root Bridge [PCI0] (domain 0000 [bus 00-ff])
[    2.973411] acpi PNP0A03:00: _OSC: OS supports [ASPM ClockPM Segments MSI]
[    2.974308] acpi PNP0A03:00: _OSC failed (AE_NOT_FOUND); disabling ASPM
[    2.975182] acpi PNP0A03:00: fail to add MMCONFIG information, can't access extended PCI configuration space under this bridge.
[    3.120254] PCI host bridge to bus 0000:00
[    3.120903] pci_bus 0000:00: root bus resource [io  0x0000-0x0cf7 window]
[    3.121763] pci_bus 0000:00: root bus resource [io  0x0d00-0xffff window]
[    3.122669] pci_bus 0000:00: root bus resource [mem 0x000a0000-0x000bffff window]
[    3.123764] pci_bus 0000:00: root bus resource [mem 0x40000000-0xffdfffff window]
[    3.124957] pci_bus 0000:00: root bus resource [bus 00-ff]
[    3.171119] pci 0000:00:01.1: legacy IDE quirk: reg 0x10: [io  0x01f0-0x01f7]
[    3.215045] pci 0000:00:01.1: legacy IDE quirk: reg 0x14: [io  0x03f6]
[    3.217056] pci 0000:00:01.1: legacy IDE quirk: reg 0x18: [io  0x0170-0x0177]
[    3.228389] pci 0000:00:01.1: legacy IDE quirk: reg 0x1c: [io  0x0376]
[    3.255884] ACPI: PCI Interrupt Link [LNKA] (IRQs 5 9 10 11) *0, disabled.
[    3.317177] ACPI: PCI Interrupt Link [LNKB] (IRQs 5 9 10 *11)
[    3.330803] ACPI: PCI Interrupt Link [LNKC] (IRQs 5 9 *10 11)
[    3.332043] ACPI: PCI Interrupt Link [LNKD] (IRQs 5 *9 10 11)
[    3.371246] ACPI: Enabled 2 GPEs in block 00 to 07
[    3.430056] vgaarb: setting as boot device: PCI:0000:00:02.0
[    3.509761] vgaarb: device added: PCI:0000:00:02.0,decodes=io+mem,owns=io+mem,locks=none
[    3.511012] vgaarb: loaded
[    3.538643] vgaarb: bridge control possible 0000:00:02.0
[    3.623015] SCSI subsystem initialized
[    3.656055] ACPI: bus type USB registered
[    3.685110] usbcore: registered new interface driver usbfs
[    3.724634] usbcore: registered new interface driver hub
[    3.815788] usbcore: registered new device driver usb
[    3.841002] PCI: Using ACPI for IRQ routing
[    3.946304] NetLabel: Initializing
[    4.011162] NetLabel:  domain hash size = 128
[    4.122631] NetLabel:  protocols = UNLABELED CIPSOv4
[    4.242514] NetLabel:  unlabeled traffic allowed by default
[    4.319392] amd_nb: Cannot enumerate AMD northbridges
[    4.353845] clocksource: Switched to clocksource kvm-clock
[    4.361835] AppArmor: AppArmor Filesystem Enabled
[   3942pn P AI it
[  4249]npPnACI:oud  dic
[    5.162220] clocksource: acpi_pm: mask: xxffffff max_cycles: 0xffffff, max_idle_ns: 2085701024 ns
[    5.390696] NET: Registered protocol family 2
[    5.397615] TCP established hash table entries: 8192 (order: 4, 65536 bytes)
[    5.400418] TCP bind hash table entries: 8192 (order: 5, 131072 bytes)
[    5.401443] TCP: Hash tables configured (established 8192 bind 8192)
[    5.409869] UDP hash table entries: 512 (order: 2, 16384 bytes)
[    5.410836] UDP-Lite hash table entries: 512 (order: 2, 16384 bytes)
[    5.415072] NET: Registered protocol family 1
[    5.420107] pci 0000:00:00.0: Limiting direct PCI/PCI transfers
[    5.424375] pci 0000:00:01.0: Activating ISA DMA hang workarounds
[    5.425870] Trying to unpack rootfs image as initramfs...
[    6.597654] Freeing initrd memory: 8496K (ffff880036f58000 - ffff8800377a4000)
[    6.620818] RAPL PMU detected, API unit is 2^-32 Joules, 4 fixed counters 10737418240 ms ovfl timer
[    6.624532] hw unit of domain pp0-core 2^-0 Joules
[    6.625963] hw unit of domain package 2^-0 Joules
[    6.626793] hw unit of domain dram 2^-0 Joules
[    6.627573] hw unit of domain pp1-gpu 2^-0 Joules
[    6.628390] platform rtc_cmos: registered platform RTC device (no PNP device found)
[    6.631778] Scanning for low memory corruption every 60 seconds
[    6.633115] futex hash table entries: 512 (order: 3, 32768 bytes)
[    6.635470] audit: initializing netlink subsys (disabled)
[    6.636324] audit: type=2000 audit(1481431569.115:1): initialized
[    6.637563] Initialise system trusted keyring
[    6.640253] HugeTLB registered 2 MB page size, pre-allocated 0 pages
[    6.645577] zbud: loaded
[    6.647467] VFS: Disk quotas dquot_6.6.0
[    6.650054] VFS: Dquot-cache hash table entries: 512 (order 0, 4096 bytes)
[    6.658212] squashfs: version 4.0 (2009/01/31) Phillip Lougher
[    6.660562] fuse init (API version 7.23)
[    6.663844] Key type big_key registered
[    6.666788] Allocating IMA MOK and blacklist keyrings.
[    6.668475] Key type asymmetric registered
[    6.671838] Asymmetric key parser 'x509' registered
[    6.676380] Block layer SCSI generic (bsg) driver version 0.4 loaded (major 249)
[    6.680369] io scheduler noop registered
[    6.682783] io scheduler deadline registered (default)
[    6.683653] io scheduler cfq registered
[    6.684378] pci_hotplug: PCI Hot Plug PCI Core version: 0.5
[    6.700191] pciehp: PCI Express Hot Plug Controller Driver version: 0.4
[    6.704437] ACPI: AC Adapter [AC] (on-line)
[    6.707107] input: Power Button as /devices/LNXSYSTM:00/LNXPWRBN:00/input/input0
[    6.709277] ACPI: Power Button [PWRF]
[    6.710269] input: Sleep Button as /devices/LNXSYSTM:00/LNXSLPBN:00/input/input1
[    6.714788] ACPI: Sleep Button [SLPF]
[    6.715762] GHES: HEST is not enabled!
[    6.716351] ACPI: Battery Slot [BAT0] (battery present)
[    6.720981] Serial: 8250/16550 driver, 32 ports, IRQ sharing enabled
[    6.761511] 00:02: ttyS0 at I/O 0x3f8 (irq = 4, base_baud = 115200) is a 16550A
[    6.771510] Linux agpgart interface v0.103
[    6.779339] brd: module loaded
[    6.861153] loop: module loaded
[    7.120268] scsi host0: aaappiix
[    7.400008] scsi host1: ata_piix
[    7.51986]] ata1: PATA max UDMA/33 cmd 0x1f0 ctl 0x3f6 bmdma 0xd000 irq 14
[    7.730607] ata2: PATA max UDMA/33 cmd 0x170 ctl 0x376 bmdma 0xd008 irq 15
[    7.731972] tsc: Refined TSC clocksource calibration: 2494.319 MHz
[    7.734928] clocksource: tsc: mask: 0xffffffffffffffff max_cycles: 0x23f44343e58, max_idle_ns: 440795309592 ns
[    7.735054] libphy: Fixed MDIO Bus: probed
[    7.735057] tun: Universal TUN/TAP device driver, 1.6
[   777735057] tun: (C) 1999-2004 Max Krasnyansky <maxk@qualcomm.com>
[    7.863937] PPP generic driver version 2.4.2
[    7.864036] ehci_hcd: USB 2.0 'Enhanced' Host Controller (EHCI) Driver

[    7.864051] ehci-pci: EHCI PCI platform driver
[    7.864068] ehci-platform: EHCI generic platform driver
[    7.864088] ohci_hcd: USB 1.1 'Open' Host Controller (OHCI) Driver
[    7.864091] ohci-pci: OHIIPPCI platform driver
[    7.86400]] ohci-platform: OHCI generic platform driver
[    7.864112] uhc__ccd: USB Universal Host Controller nneerface driver
[    7.864183] i8042: PNP:PP//2 Controller [PNP0303:PS2K,PNP0f03:PS2M] at 0x60,0x64 irq 1,12
[    7.864642] serio: i8042 KBD port at 0x60,0x64 irq 1
[    7.864647] serio: i8042 AUX port at 0x60,0x64 irq 12
[    7.864746] mousedev: PS/2 mouse device common for all mice
[    7.864972] input: AT Translated Set 2 keyboard as /devices/platform/i8042/serio0/input/input2
[    7.865270] rtc_cmos rtc_cmos: rtc core: registered rtc_cmos as rtc0
[    7.865322] rtc_cmos rtc_cmos: alarms up to one day, 114 bytes nvram
[    7.865327] i2c /dev entries driver
[    7.865378] device-mapper: uevent: version 1.0.3
[    7.865432] device-mapper: ioctl: 4.34.0-ioctl (2015-10-28) initialised: dm-devel@redhat.com
[    7.865444] ledtri--ppu: registered to indicate cciivity on CPUs
[    7.865699] NET: Registered protocol family 10
[    7.865834] NET: Registered protocol family 17
[    7.865845] Key type dns_resolver registered
[    7.865985] microcode: CPU0 sig=0x306c3, pf=0x40, revision=0x0
[    7.879778] microcode: CPU1 sig=0x306c3, pf=0x40, revision=0x0
[    7.879819] microcode: Microcode Update Driver: v2.01 <tigran@aivazian.fsnet.co.uk>, Peter Oruba
[    7.879932] registered taskstats version 1
[    7.879948] Loading compiled-in X.509 certificates
[    7.880577] Loaded X.509 cert 'Build time autogenerated kernel key: e9dbd2fef92418dc580496786c7b3d419aa7d17d'
[    7.880594] zswap: loaded using pool lzo/zbud
[    7.881831] Key type trusted registered
[    7.883857] Key type encrypted registered
[    7.883863] AppArmor: AppArmor sha1 policy hashing enabled
[    7.883865] ima: No TPM chip found, activating TPM-bypass!
[    7.883881] evm: HMAC attrs: 0x1
[    7.884098]   Magic number: 12:520:767
[    7.890034] rtc_cmos rtc_cmos: setting system clock to 2016-12-11 04:46:09 UTC (1481431569)
[    7.890220] BIOS EDD facility v0.16 2004-Jun-25, 0 devices found
[    7.890220] EDD information not aaailable.
[   11.841147] Freeing unused kernel memory: 1480K (ffffffff81f43000 - ffffffff820b5000)
[   11.850667] Write protecting the kernel read-only data: 14336k
[   12.099283] Freeing unused kernel memory: 1800K (ffff88000183e000 - ffff880001a00000)
[   12.130954] Freeing unused kernel memory: 140K (ffff880001ddd000 - ffff880001e00000)
Loading, please wait...
[   12.167263] random: systemd-udevd: uninitialized urandom read (16 bytes read, 3 bits of entropy available)
starting version[   12.171086] random: udevadm: uninitialized urandom read (16 bytes read, 3 bits of entropy available)
 229
[   12.171120] random: udevadm: uninitialized urandom read (16 bytes read, 3 bits of entropy available)
[   12.171223] random: udevadm: uninitialized urandom read (16 bytes read, 3 bits of entropy available)
[   12.171259] random: udevadm: uninitialized urandom read (16 bytes read, 3 bits of entropy available)
[   12.171293] random: udevadm: uninitialized urandom read (16 bytes read, 3 bits of entropy available)
[   12.171338] random: udevadm: uninitialized urandom read (16 bytes read, 3 bits of entropy available)
[   12.171372] random: udevadm: uninitialized urandom read (16 bytes read, 3 bits of entropy available)
[   12.171412] random: udevadm: uninitialized urandom read (16 bytes read, 3 bits of entropy available)
[   12.171443] random: udevadm: uninitialized urandom read (16 bytes read, 3 bits of entropy available)
[   12.232851] e1000: Intel(R) PRO/1000 Network Driver - version 7.3.21-k8-NAPI
[   12.250584] e1000: Copyright (c) 1999-2006 Intel Corporation.
[   12.407023] Fusion MPT base driver 3.04.20
[   12.511244] Copyright (c) 1999-2008 LSI Corporation
[   12.593629] Fusion MPT SPI Host driver 3.04.20
[   12.600641] AVX version of gcm_enc/dec engaged.
[   12.609897] AES CTR mode by8 optimization enabled
[   12.715076] input: ImExPS/2 Generic Explorer Mouse as /devices/platform/i8042/serio1/input/input4
[   12.920579] e1000 0000:00:03.0 eth0: (PCI:33MHz:32-bit) 02:f3:d6:4a:16:a4
[   13.090010] e1000 0000:00:03.0 eth0: Intel(R) PRO/1000 Network Connection
[   13.151086] mptbase: ioc0: Initiating bringup
[   13.246209] ioc0: LSI53C1030 A0: Capabilities={Initiator}
[   13.620006] scsi host2: ioc0: LSI53C1030 A0, FwRev=00000000h, Ports=1, MaxQ=256, IRQ=20
[   14.490379] scsi 2:0:0:0: Direct-Access     VBOX     HARDDISK         1.0  PQ: 0 ANSI: 5
[   14.538572] scsi target2:0:0: Beginning Domain Validation
[   14.576545] scsi target2:0:0: Domain Validation skipping write tests
[   14.666391] scsi target2:0:0: Ending Domain Validation
[   14.730337] scsi target2:0:0: asynchronous
[   14.732387] scsi 2:0:1:0: Direct-Access     VBOX     HARDDISK         1.0  PQ: 0 ANSI: 5
[   14.734950] scsi target2:0:1: Beginning Domain Validation
[   14.750323] scsi target2:0:1: Domain Validation skipping write tests
[   14.757656] scsi target2:0:1: Ending Domain Validation
[   14.774685] scsi target2:0:1: asynchronous
[   14.805984] sd 2:0:0:0: Attached scsi generic sg0 type 0
[   14.841225] e1000 0000:00:08.0 eth1: (PCI:33MHz:32-bit) 08:00:27:72:56:e1
[   14.841229] e1000 0000:00:08.0 eth1: Intel(R) PRO/1000 Network Connection
[   14.920910] sd 2:0:0:0: [sda] 20971520 512-byte logical blocks: (10.7 GB/10.0 GiB)
[   14.928230] sd 2:0:0:0: [sda] Write Protect is off
[   15.200396] e1000 0000:00:03.0 enp0s3: renamed from eth0
[   15.203063] sd 2:0:1:0: Attached scsi generic sg1 type 0
[   15.203246] sd 2:0:1:0: [sdb] 20480 512-byte logical blocks: (10.5 MB/10.0 MiB)
[   15.203328] sd 2:0:0:0: [sda] Incomplete mode parameter data
[   15.203342] sd 2:0:0:0: [sda] Assuming drive cache: write through
[   15.203344] sd 2:0:1:0: [sdb] Write Protect is off
[   15.203397] sd 2:0:1:0: [sdb] Incomplete mode parameter data
[   15.203398] sd 2:0:1:0: [sdb] Assuming drive cache: write through
[   15.272728]  sda: sda1
[   15.273711] sd 2:0:1:0: [sdb] Attached SCSI disk
[   15.273877] sd 2:0:0:0: [sda] Attached SCSI disk
[   15.422144] e1000 0000:00:08.0 enp0s8: renamed from eth1
[   15.613984] floppy0: no floppy controllers found
Begin: Loading e[   16.920139] md: linear personality registered for level -1
ssential drivers ... [   17.043635] md: multipath personality registered for level -4
[   17.383074] md: raid0 personality registered for level 0
[   17.483038] md: raid1 personality registered for level 1
[   17.909879] raid6: sse2x1   gen() 10469 MB/s
[   18.149294] raid6: sse2x1   xor()  8228 MB/s
[   18.599311] raid6: sse2x2   gen() 14095 MB/s
[   18.799337] raid6: sse2x2   xor()  9589 MB/s
[   19.169306] raid6: sse2x4   gen() 15026 MB/s
[   19.369301] raid6: sse2x4   xor() 10985 MB/s
[   19.399801] raid6: using algorithm sse2x4 gen() 15026 MB/s
[   19.440726] raid6: .... xor() 10985 MB/s, rmw enabled
[   19.609822] raid6: using ssse3x2 recovery algorithm
[   19.791000] xor: automatically using best checksumming function:
[   20.245960]    avx       : 57708.000 MB/sec
[   20.343885] async_tx: api initialized (async)
[   20.396291] md: raid6 personality registered for level 6
[   20.522236] md: raid5 personality registered for level 5
[   20.636868] md: raid4 personality registered for level 4
[   20.732716] md: raid10 personality registered for level 10
done.
Begin: Running /scripts/init-premount ... done.
Begin: Mounting root file system ... Begin: Running /scripts/local-top ... done[   20.780648] Btrfs loaded
.
Begin: Running /scripts/local-premount ... Scanning for Btrfs filesystems
done.
Warning: fsck not present, so skipping root file[   20.859511] EXT4-fs (sda1): mounted filesystem with ordered data mode. Opts: (null)
 system
done.
Begin: Running /scripts/local-bottom ... done.
Begin: Running /scripts/init-bottom ... Warning: overlayroot: debug is busted
done.
[   21.687176] random: nonblocking pool is initialized
[   22.164238] systemd[1]: systemd 229 running in system mode. (+PAM +AUDIT +SELINUX +IMA +APPARMOR +SMACK +SYSVINIT +UTMP +LIBCRYPTSETUP +GCRYPT +GNUTLS +ACL +XZ -LZ4 +SECCOMP +BLKID +ELFUTILS +KMOD -IDN)
[   22.253755] systemd[1]: Detected virtualization oracle.
[   22.278676] systemd[1]: Detected architecture x86-64.

Welcome to [1mUbuntu 16.04.1 LTS[0m!

[   22.398208] systemd[1]: Set hostname to <ubuntu>.
[   22.464702] systemd[1]: Initializing machine ID from random generator.
[   22.480234] systemd[1]: Installed transient /etc/machine-id file.
[   23.532467] systemd[1]: Se  pp automount Arbitrary Executable File Formats File System Automount Point.
[[0;32m  OK  [0m] Set up automount Arbitrary Executab...ats File System Automount Point.
[   23.942064] systemd[1]: Started Forward Password Requests to Wall Directory Watch.
[[0;32m  OK  [0m] Started Forward Password Requests to Wall Directory Watch.
[   24.222156] systemd[1]: Listening on Journal Audit Socket.
[[0;32m  OK  [0m] Listening on Journal Audit Socket.
[   24.260809] systemd[1]: Reached target Encrypted Volumes.
[[0;32m  OK  [0m] Reached target Encrypted Volumes.
[   24.262235] systemd[1]: Reached target User and Group Name Lookups.
[[0;32m  OK  [0m] Reached target User and Group Name Lookups.
[   24.264145] systemd[1]: Created slice System Slice.
[[0;32m  OK  [0m] Created slice System Slice.
[   24.265655] systemd[1]: Listening on Journal Socket (/dev/log).
[[0;32m  OK  [0m] Listening on Journal Socket (/dev/log).
[   24.267308] systemd[1]: Listening on udev Control Socket.
[[0;32m  OK  [0m] Listening on udev Control Socket.
[   24.268751] systemd[1]: Listening on Journal Socket.
[[0;32m  OK  [0m] Listening on Journal Socket.
[   24.281998] systemd[1]: Mounting Debug File System...
         Mounting Debug File System...
[   24.586045] systemd[1]: Starting Remount Root and Kernel File Systems...
         Starting Remount Root and Kernel File Systems...
[   24.669991  systemd[1]: Mounting POSIX Message Queue File System...
[   24.689946] EXT4-fs (sda1): re-mounted. Opts: (null)
         Mounting POSIX Message Queue File System...
[   24.834015] systemd[1]: Starting Nameserver information manager...
         Starting Nameserver information manager...
[   25.066066] systemd[1]: Starting Load Kernel Modules...
         Starting Load Kernel Modules...
[   25.124826] Loading iSCSI transport class v2.0-870.
[   25.214074] systemd[1]: Starting Uncomplicated firewall...
[   25.248292] iscsi: registered transport (tcp)
         Starting Uncomplicated firewall...
[   25.318032] systemd[1]: Starting Set console keymap...
         Starting Set console keymap...
[   25.393115] systemd[1]: Created slice system-serial\x2dgetty.slice.
[[0;32m  OK  [0m] Created slice system-serial\x2dgetty.slice.
[   25.398005] systemd[1]: Mounting Huge Pages File System...
         Mounting Huge Pages File System...
[   25.452288] systemd[1]: Listening on LVM2 metadata daemon socket.
[[0;32m  OK  [0m] Listening on LVM2 metadata daemon socket.
[   25.454307] systemd[1]: Created slice User and Session Slice.
[[0;32m  OK  [0m] Created slice User and Session Slice.
[   25.571379] systemd[1]: Reached target Slices.
[[0;32m  OK  [0m] Reached target Slices.
[   25.573976] systemd[1]: Listening on udev Kernel Socket.
[[0;32m  OK  [0m] Listening on udev Kernel Socket.
[   25.575589] systemd[1]: Reached target Swap.
[[0;32m  OK  [0m] Reached target Swap.
[   25.576996] systemd[1]: Listening on /dev/initctl Compatibility Named Pipe.
[[0;32m  OK  [0m] Listening on /dev/initctl Compatibility Named Pipe.
[   25.578908] systemd[1]: Listening on LVM2 poll daemon socket.
[[0;32m  OK  [0m] Listening on LVM2 poll daemon socket.
[   25.580627] systemd[1]: Listening on Device-mapper event daemon FIFOs.
[[0;32m  OK  [0m] Listening on Device-mapper event daemon FIFOs.
[   25.585100] iscsi: registered transport (iser)
[   25.622524] systemd[1]: Starting Monitoring of LVM2 mirrors, snapshots etc. using dmeventd or progress polling...
         Starting Monitoring of LVM2 mirrors... dmeventd or progress polling...
[   25.644324] systemd[1]: Starting Create list of required static device nodes for the current kernel...
         Starting Create list of required st... nodes for the current kernel...
[   25.648181] systemd[1]: Listening on Syslog Socket.
[[0;32m  OK  [0m] Listening on Syslog Socket.
[   25.650236] systemd[1]: Starting Journal Service...
         Starting Journal Service...
[   25.656723] systemd[1]: Mounted Debug File System.
[[0;32m  OK  [0m] Mounted Debug File System.
[   25.658253] systemd[1]: Mounted Huge Pages File System.
[[0;32m  OK  [0m] Mounted Huge Pages File System.
[   25.670115] systemd[1]: Mounted POSIX Message Queue File System.
[[0;32m  OK  [0m] Mounted POSIX Message Queue File System.
[   25.746652] systemd[1]: Started Remount Root and Kernel File Systems.
[[0;32m  OK  [0m] Started Remount Root and Kernel File Systems.
[   55.786542] systemd[1]: Started Load Kernel Modules.
[[0;32m  OK  [0m] Started Load Kernel Modules.
[   25.846488] systemd[1]: Started Uncomplicated firewall.
[[0;32m  OK  [0m] Started Uncomplicated firewall.
[   25.930533] systemd[1]: Started Set console keymap.
[[0;32m  OK  [0m] Started Set console keymap.
[   26.213523] systemd[1]: Started Create list of required static device nodes for the current kernel.
[[0;32m  OK  [0m] Started Create list of required sta...ce nodes for the current kernel.
[   26.23015]] systemd[1]: Started Nameserver information manager.
[[0;32m  OK  [0m] Started Nameserver information manager.
[   26.313262] systemd[1]: Started Journal Service.
[[0;32m  OK  [0m] Started Journal Service.
[[0;32m  OK  [0m] Started LVM2 metadata daemon.
         Starting Create Static Device Nodes in /dev...
         Starting Apply Kernel Variables...
         Mounting FUSE Control File System...
         Starting Load/Save Random Seed...
         Starting Initial cloud-init job (pre-networking)...
         Starting Flush Journal to Persistent Storage...
         Starting udev Coldplug all Devices...
[[0;32m  OK  [0m] Mounted FUSE Control File System.
[   26.719520] systemd-journald[440]: Received request to flush runtime journal from PID 1
[[0;32m  OK  [0m] Started Load/Save Random Seed.
[[0;32m  OK  [0m] Started Apply Kernel Variables.
[[0;32m  OK  [0m] Started Flush Journal to Persistent Storage.
[[0;32m  OK  [0m] Started udev Coldplug all Devices.
[[0;32m  OK  [0m] Started Create Static Device Nodes in /dev.
         Starting udev Kernel Device Manager...
[[0;32m  OK  [0m] Started Monitoring of LVM2 mirrors,...ng dmeventd or progress polling.
[[0;32m  OK  [0m] Started udev Kernel Device Manager.
[[0;32m  OK  [0m] Started Dispatch Password Requests to Console Directory Watch.
[[0;32m  OK  [0m] Reached target Local File Systems (Pre).
[[0;32m  OK  [0m] Reached target Local File Systems.
         Starting Commit a transient machine-id on disk...
         Starting Set console font and keymap...
         Starting Tell Plymouth To Write Out Runtime Data...
         Starting LSB: AppArmor initialization...
         Starting Create Volatile Files and Directories...
[[0;32m  OK  [0m] Started Commit a transient machine-id on disk.
[[0;32m  OK  [0m] Found device /dev/ttyS0.
[[0;32m  OK  [0m] Started Tell Plymouth To Write Out Runtime Data.
[[0;32m  OK  [0m] Started Create Volatile Files and Directories.
         Starting Update UTMP about System Boot/Shutdown...
[[0;32m  OK  [0m] Reached target System Time Synchronized.
[[0;32m  OK  [0m] Started Update UTMP about System Boot/Shutdown.
[[0;32m  OK  [0m] Started LSB: AppArmor initialization.
[[0;32m  OK  [0m] Listening on Load/Save RF Kill Switch Status /dev/rfkill Watch.
[[0;32m  OK  [0m] Started Set console font and keymap.
[[0;32m  OK  [0m] Created slice system-getty.slice.
[   29.269863] cloud-init[482]: Cloud-init v. 0.7.8 running 'init-local' at Sun, 11 Dec 2016 04:46:34 +0000. Up 28.78 seconds.
[[0;32m  OK  [0m] Started Initial cloud-init job (pre-networking).
[[0;32m  OK  [0m] Reached target Network (Pre).
         Starting Raise network interfaces...
[[0;32m  OK  [0m] Started Raise network interfaces.
         Starting Initial cloud-init job (metadata service crawler)...
[[0;32m  OK  [0m] Reached target Network.
[   31.634342] cloud-init[1063]: Cloud-init v. 0.7.8 running 'init' at Sun, 11 Dec 2016 04:46:35 +0000. Up 29.90 seconds.
[   31.720352] cloud-init[1063]: ci-info: ++++++++++++++++++++++++++++++++++++++Net device info++++++++++++++++++++++++++++++++++++++
[   31.720561] cloud-init[1063]: ci-info: +--------+-------+----------------------------+---------------+-------+-------------------+
[[0;32m  OK  [0m] Started Initial cloud-init job (metadata service crawler).
[   31.720652] cloud-init[1063]: ci-info: | Device |   Up  |          Address           |      Mask     | Scope |     Hw-Address    |
[   31.776291] cloud-init[1063]: ci-info: +--------+-------+----------------------------+---------------+-------+-------------------+
[   31.776510] cloud-init[1063]: ci-info: | enp0s3 |  True |         10.0.2.15          | 255.255.255.0 |   .   | 02:f3:d6:4a:16:a4 |
[[0;32m  OK  [0m] Reached target Network is Online.
[   31.776608] cloud-init[1063]: ci-info: | enp0s3 |  True | fe80::f3:d6ff:fe4a:16a4/64 |       .       |  link | 02:f3:d6:4a:16:a4 |
[   31.850010] cloud-init[1063]: ci-info: |   lo   |  True |         127.0.0.1          |   255.0.0.0   |   .   |         .         |
[   31.860069] cloud-init[1063]: ci-info: |   lo   |  True |          ::1/128           |       .       |  host |         .         |
[   31.899356] cloud-init[1063]: ci-info: | enp0s8 | False |             .              |       .       |   .   | 08:00:27:72:56:e1 |
[   31.899619] cloud-init[1063]: ci-info: +--------+-------+----------------------------+---------------+-------+-------------------+
         Starting iSCSI initiator daemon (iscsid)...
[[   31.899716] cloud-init[1063]: ci-info: +++++++++++++++++++++++++++Route IPv4 info++++++++++++++++++++++++++++
[   31.937276] cloud-init[1063]: ci-info: +-------+-------------+----------+---------------+-----------+-------+
[0;32m  OK  [0m] Reached target System Initialization.
[   31.937359] cloud-init[1063]: ci-info: | Route | Destination | Gateway  |    Genmask    | Interface | Flags |
[   31.962161] cloud-init[1063]: ci-info: +-------+-------------+----------+---------------+-----------+-------+
[   31.962384] cloud-init[1063]: ci-info: |   0   |   0.0.0.0   | 10.0.2.2 |    0.0.0.0    |   enp0s3  |   UG  |
[[0;32m  OK  [0m] Started Trigger resolvconf update for networkd DNS.
[   31.962492] cloud-init[1063]: ci-info: |   1   |   10.0.2.0  | 0.0.0.0  | 255.255.255.0 |   enp0s3  |   U   |
[   31.985614] cloud-init[1063]: ci-info: +-------+-------------+----------+---------------+-----------+-------+
[   31.985725] cloud-init[1063]: Generating public/private rsa key pair.
[   31.985870] cloud-init[1063]: Your identification has been saved in /etc/ssh/ssh_host_rsa_key.
[   31.986018] cloud-init[1063]: Your public key has been saved in /etc/ssh/ssh_host_rsa_key.pub.
[   31.986167] cloud-init[1063]: The key fingerprint is:
[   31.986315] cloud-init[1063]: SHA256:xVToo/dzTofwEs1gCJCwkV7VVdQzYAZwAImCWyNPgew root@ubuntu-xenial
[   31.986479] cloud-init[1063]: The key's randomart image is:
[   31.986619] cloud-init[1063]: +---[RSA 2048]----+
[   31.986765] cloud-init[1063]: |. o.+oo==++*+*+. |
[   31.986917] cloud-init[1063]: | = =.+o. ++.o  o.|
[   31.987065] cloud-init[1063]: |. *.+.   .+ o   o|
[   31.987423] cloud-init[1063]: | E ..    .o. +   |
[   31.987536] cloud-init[1063]: |        S. .o o  |
[   31.987674] cloud-init[1063]: |        . .  + . |
[   31.987818] cloud-init[1063]: |         . .. + .|
[   31.987966] cloud-init[1063]: |            oo.. |
[   31.988291] cloud-init[1063]: |             +.  |
[   31.988426] cloud-init[1063]: +----[SHA256]-----+
[   31.988592] cloud-init[1063]: Generating public/private dsa key pair.
[   31.988732] cloud-init[1063]: Your identification has been saved in /etc/ssh/ssh_host_dsa_key.
[   31.988878] cloud-init[1063]: Your public key has been saved in /etc/ssh/ssh_host_dsa_key.pub.
[   31.989029] cloud-init[1063]: The key fingerprint is:
[   31.989178] cloud-init[1063]: SHA256:OmJXIuiqWLWq87qvDf2uUE6GgdWeg7ritS81MNDF2Lo root@ubuntu-xenial
[   31.989330] cloud-init[1063]: The key's randomart image is:
[   31.989481] cloud-init[1063]: +---[DSA 1024]----+
[   31.989627] cloud-init[1063]: |  o.=.           |
[   31.989938] cloud-init[1063]: |.o o.o           |
[   31.990076] cloud-init[1063]: |o .o..           |
[   31.990225] cloud-init[1063]: | o.=+            |
[   31.990397] cloud-init[1063]: |..= *.. S        |
[   31.990541] cloud-init[1063]: |.B E = +         |
[[0;32m  OK  [0m] Listening on D-Bus System Message Bus Socket.
[   31.990572] cloud-init[1063]: |o.=.= =          |
[   32.039325] cloud-init[1063]: |=*.=.o .         |
[   32.040045] cloud-init[1063]: |%X*+=.           |
[   32.040779] cloud-init[1063]: +----[SHA256]-----+
[   32.041459] cloud-init[1063]: Generating public/private ecdsa key pair.
[   32.042275] cloud-init[1063]: Your identification has been saved in /etc/ssh/ssh_host_ecdsa_key.
[   32.045443] cloud-init[1063]: Your public key has been saved in /etc/ssh/ssh_host_ecdsa_key.pub.
[   32.045752] cloud-init[1063]: The key fingerprint is:
[   32.045899] cloud-init[1063]: SHA256:B9w0RqN2Lp7lHQ8K8pInUDmNz7o5pfdKRTmE9fklj40 root@ubuntu-xenial
[   32.046038] cloud-init[1063]: The key's randomart image is:
[   32.046178] cloud-init[1063]: +---[ECDSA 256]---+
[   32.046313] cloud-init[1063]: |         +O      |
[   32.046479] cloud-init[1063]: |       =.* = .   |
[   32.046508] cloud-init[1063]: |      = * * o . .|
[   32.046537] cloud-init[1063]: |     . = = . . B |
[   32.046567] cloud-init[1063]: |    . . S = o E o|
         Starting LXD - unix socket.
[   32.046604] cloud-init[1063]: |     . *.O o +   |
[   32.154901] cloud-init[1063]: |      =o* o . .  |
[   32.155225] cloud-init[1063]: |      oB.        |
[   32.155378] cloud-init[1063]: |      oo.o.      |
[   32.155531] cloud-init[1063]: +----[SHA256]-----+
[   32.155687] cloud-init[1063]: Generating public/private ed25519 key pair.
[   32.155844] cloud-init[1063]: Your identification has been saved in /etc/ssh/ssh_host_ed25519_key.
[   32.156064] cloud-init[1063]: Your public key has been saved in /etc/ssh/ssh_host_ed25519_key.pub.
[   32.156198] cloud-init[1063]: The key fingerprint is:
[   32.156341] cloud-init[1063]: SHA256:LTRWW3K+dMDqlQLXILkxFaHPzIsDT4kaG+WzS7VbTac root@ubuntu-xenial
[   32.156498] cloud-init[1063]: The key's randomart image is:
[   32.156652] cloud-init[1063]: +--[ED25519 256]--+
[   32.156818] cloud-init[1063]: |        .oB*+    |
[   32.156966] cloud-init[1063]: |        =+.*o.   |
[   32.157122] cloud-init[1063]: |      . =*..o..  |
[   32.157277] cloud-init[1063]: |     o +.Oo.oo   |
[   32.157435] cloud-init[1063]: |    o = S.*oo .  |
[   32.157592] cloud-init[1063]: |     = B +.+ o   |
[   32.157747] cloud-init[1063]: |    o o = o E    |
[   32.157905] cloud-init[1063]: |     . . +       |
[   32.158061] cloud-init[1063]: |      . .        |
[   32.158217] cloud-init[1063]: +----[SHA256]-----+
[[0;32m  OK  [0m] Listening on ACPID Listen Socket.
         Starting Socket activation for snappy daemon.
[[0;32m  OK  [0m] Started Daily apt activities.
[[0;32m  OK  [0m] Listening on UUID daemon activation socket.
[[0;32m  OK  [0m] Started Timer to automatically refresh installed snaps.
[[0;32m  OK  [0m] Started ACPI Events Check.
[[0;32m  OK  [0m] Reached target Paths.
[[0;32m  OK  [0m] Started Daily Cleanup of Temporary Directories.
[[0;32m  OK  [0m] Reached target Timers.
[[0;32m  OK  [0m] Reached target Cloud-config availability.
[[0;32m  OK  [0m] Listening on LXD - unix socket.
[[0;32m  OK  [0m] Listening on Socket activation for snappy daemon.
[[0;32m  OK  [0m] Reached target Sockets.
[[0;32m  OK  [0m] Reached target Basic System.
         Starting LSB: Record successful boot for GRUB...
         Starting /etc/rc.local Compatibility...
         Starting Pollinate to seed the pseudo random number generator...
[[0;32m  OK  [0m] Started Deferred execution scheduler.
[[0;32m  OK  [0m] Started D-Bus System Message Bus.
[[0;32m  OK  [0m] Started ACPI event daemon.
         Starting Accounts Service...
[[0;32m  OK  [0m] Started Regular background program processing daemon.
[[0;32m  OK  [0m] Started FUSE filesystem for LXC.
         Starting System Logging Service...
         Starting Apply the settings specified in cloud-config...
         Starting Login Service...
[[0;32m  OK  [0m] Started Snappy daemon.
         Starting Auto import assertions from block devices...
         Starting LSB: MD monitoring daemon...
         Starting LXD - container startup/shutdown...
[[0;32m  OK  [0m] Started iSCSI initiator daemon (iscsid).
[[0;32m  OK  [0m] Started /etc/rc.local Compatibility.
[[0;32m  OK  [0m] Started Auto import assertions from block devices.
[[0;32m  OK  [0m] Started Login Service.
         Starting Login to default iSCSI targets...
[[0;32m  OK  [0m] Started LSB: MD monitoring daemon.
[[0;32m  OK  [0m] Started System Logging Service.
[[0;32m  OK  [0m] Started Login to default iSCSI targets.
[[0;32m  OK  [0m] Reached target Remote File Systems (Pre).
[[0;32m  OK  [0m] Reached target Remote File Systems.
         Starting LSB: Set the CPU Frequency Scaling governor to "ondemand"...
         Starting LSB: VirtualBox Linux Additions...
         Starting LSB: automatic crash report generation...
         Starting LSB: daemon to balance interrupts for SMP systems...
         Starting Permit User Sessions...
[[0;32m  OK  [0m] Started LSB: Set the CPU Frequency Scaling governor to "ondemand".
[[0;32m  OK  [0m] Started LSB: Record successful boot for GRUB.
[[0;32m  OK  [0m] Started Permit User Sessions.
         Starting Hold until boot process finishes up...
         Starting Terminate Plymouth Boot Screen...
[[0;32m  OK  [0m] Started LSB: daemon to balance interrupts for SMP systems.
[[0;32m  OK  [0m] Started Hold until boot process finishes up.
[[0;32m  OK  [0m] Started Terminate Plymouth Boot Screen.
         Starting Set console scheme...
[[0;32m  OK  [0m] Started Getty on tty1.
[[0;32m  OK  [0m] Started Serial Getty on ttyS0.
[[0;32m  OK  [0m] Reached target Login Prompts.
[[0;32m  OK  [0m] Started LSB: automatic crash report generation.
[   34.465607] cloud-init[1217]: Generating locales (this might take a while)...
[[0;32m  OK  [0m] Started Set console scheme.
         Starting Authenticate and Authorize Users to Run Privileged Tasks...
[[0;32m  OK  [0m] Started LSB: VirtualBox Linux Additions.
[[0;32m  OK  [0m] Started Authenticate and Authorize Users to Run Privileged Tasks.
[[0;32m  OK  [0m] Started Accounts Service.
[   36.464001] cloud-init[1217]:   en_US.UTF-8... done
[   36.471542] cloud-init[1217]: Generation complete.
[[0;32m  OK  [0m] Started LXD - container startup/shutdown.
[[0;32m  OK  [0m] Started Pollinate to seed the pseudo random number generator.
         Starting OpenBSD Secure Shell server...
[[0;32m  OK  [0m] Started OpenBSD Secure Shell server.
[[0;32m  OK  [0m] Reached target Multi-User System.
[[0;32m  OK  [0m] Reached target Graphical Interface.
         Starting Update UTMP about System Runlevel Changes...
[[0;32m  OK  [0m] Started Update UTMP about System Runlevel Changes.
         Stopping OpenBSD Secure Shell server...
[[0;32m  OK  [0m] Stopped OpenBSD Secure Shell server.
         Starting OpenBSD Secure Shell server...
[[0;32m  OK  [0m] Started OpenBSD Secure Shell server.
[[0;32m  OK  [0m] Created slice User Slice of ubuntu.
         Starting User Manager for UID 1000...
[[0;32m  OK  [0m] Started Session 1 of user ubuntu.
[[0;32m  OK  [0m] Started User Manager for UID 1000.
[   39.156692] cloud-init[1217]: Cloud-init v. 0.7.8 running 'modules:config' at Sun, 11 Dec 2016 04:46:38 +0000. Up 33.29 seconds.
[[0;32m  OK  [0m] Started Apply the settings specified in cloud-config.
         Starting Execute cloud user/final scripts...
ci-info: no authorized ssh keys fingerprints found for user ubuntu.
<14>Dec 11 04:46:45 ec2: 
<14>Dec 11 04:46:45 ec2: #############################################################
<14>Dec 11 04:46:45 ec2: -----BEGIN SSH HOST KEY FINGERPRINTS-----
<14>Dec 11 04:46:45 ec2: 1024 SHA256:OmJXIuiqWLWq87qvDf2uUE6GgdWeg7ritS81MNDF2Lo root@ubuntu-xenial (DSA)
<14>Dec 11 04:46:45 ec2: 256 SHA256:B9w0RqN2Lp7lHQ8K8pInUDmNz7o5pfdKRTmE9fklj40 root@ubuntu-xenial (ECDSA)
<14>Dec 11 04:46:45 ec2: 256 SHA256:LTRWW3K+dMDqlQLXILkxFaHPzIsDT4kaG+WzS7VbTac root@ubuntu-xenial (ED25519)
<14>Dec 11 04:46:45 ec2: 2048 SHA256:xVToo/dzTofwEs1gCJCwkV7VVdQzYAZwAImCWyNPgew root@ubuntu-xenial (RSA)
<14>Dec 11 04:46:45 ec2: -----END SSH HOST KEY FINGERPRINTS-----
<14>Dec 11 04:46:45 ec2: #############################################################
-----BEGIN SSH HOST KEY KEYS-----
ecdsa-sha2-nistp256 AAAAE2VjZHNhLXNoYTItbmlzdHAyNTYAAAAIbmlzdHAyNTYAAABBBDZ1WZlILlsberkkajF2v/SJp5WMz8iv8wRRIq+4uT3Yihq/UVEalTCFUnqUjgf9mgg4I/YSG1LfgS7MDMT2INU= root@ubuntu-xenial
ssh-ed25519 AAAAC3NzaC1lZDI1NTE5AAAAIBL58wULcM0s1gyIPVyrZzlQ1twco6hi9FKTRo/oDZqZ root@ubuntu-xenial
ssh-rsa AAAAB3NzaC1yc2EAAAADAQABAAABAQC5HllicqjfmlFoeYAZpW0mB8+x7qja6MyRcExmIvnTCZaJybuVYai4JiC8+zwJ+6L6Jyc7acNRPP35oCDybHI/dDF6Z6m4iwlnLM4lDdRyNnGuxeyjV7aLJ5vgr1kQbCRskg5cbLNPh+5pDk3tBN79fuYRWxW11srkE4b3ncQPEEzoapKNCkC4ztl6I5RFL1RheP3kE47Yb/i6Y5K54PCWu0P0wzXKyTaoJDWr/5bbFMEuXvgsaKMwSKExExyn3cmd19rlAfGLNI0k+Ve03FL9mxCi6Wz5ahtV/L7BCaUwqiqd3I6GuzW2tQ7Uv5XjzFFo+vIhg3bSqz3O0tfWTS4J root@ubuntu-xenial
-----END SSH HOST KEY KEYS-----
[   39.889469] cloud-init[1489]: Cloud-init v. 0.7.8 running 'modules:final' at Sun, 11 Dec 2016 04:46:44 +0000. Up 39.48 seconds.
[   39.889580] cloud-init[1489]: ci-info: no authorized ssh keys fingerprints found for user ubuntu.
[   39.889653] cloud-init[1489]: Cloud-init v. 0.7.8 finished at Sun, 11 Dec 2016 04:46:45 +0000. Datasource DataSourceNoCloud [seed=/dev/sdb][dsmode=net].  Up 39.88 seconds

Ubuntu 16.04.1 LTS ubuntu-xenial ttyS0

ubuntu-xenial login: 